{"/Users/zonedelivery/Documents/30-days-mern-stack/client/src/components/SectionCard.tsx":{"path":"/Users/zonedelivery/Documents/30-days-mern-stack/client/src/components/SectionCard.tsx","statementMap":{"0":{"start":{"line":1,"column":0},"end":{"line":1,"column":104}},"1":{"start":{"line":1,"column":26},"end":{"line":1,"column":104}},"2":{"start":{"line":2,"column":23},"end":{"line":2,"column":42}},"3":{"start":{"line":3,"column":23},"end":{"line":3,"column":42}},"4":{"start":{"line":4,"column":0},"end":{"line":4,"column":141}},"5":{"start":{"line":5,"column":0},"end":{"line":5,"column":73}},"6":{"start":{"line":10,"column":20},"end":{"line":29,"column":1}},"7":{"start":{"line":11,"column":4},"end":{"line":28,"column":13}},"8":{"start":{"line":30,"column":0},"end":{"line":30,"column":17}},"9":{"start":{"line":33,"column":0},"end":{"line":33,"column":32}},"10":{"start":{"line":36,"column":0},"end":{"line":36,"column":37}},"11":{"start":{"line":37,"column":0},"end":{"line":37,"column":37}},"12":{"start":{"line":39,"column":0},"end":{"line":46,"column":3}},"13":{"start":{"line":40,"column":2},"end":{"line":40,"column":154}},"14":{"start":{"line":41,"column":2},"end":{"line":45,"column":5}},"15":{"start":{"line":42,"column":4},"end":{"line":42,"column":29}},"16":{"start":{"line":42,"column":22},"end":{"line":42,"column":29}},"17":{"start":{"line":43,"column":30},"end":{"line":43,"column":203}},"18":{"start":{"line":44,"column":4},"end":{"line":44,"column":73}},"19":{"start":{"line":44,"column":27},"end":{"line":44,"column":73}}},"fnMap":{"0":{"name":"(anonymous_0)","decl":{"start":{"line":10,"column":20},"end":{"line":10,"column":21}},"loc":{"start":{"line":10,"column":44},"end":{"line":29,"column":1}},"line":10},"1":{"name":"(anonymous_1)","decl":{"start":{"line":39,"column":50},"end":{"line":39,"column":51}},"loc":{"start":{"line":39,"column":70},"end":{"line":46,"column":1}},"line":39},"2":{"name":"(anonymous_2)","decl":{"start":{"line":41,"column":25},"end":{"line":41,"column":26}},"loc":{"start":{"line":41,"column":42},"end":{"line":45,"column":3}},"line":41}},"branchMap":{"0":{"loc":{"start":{"line":1,"column":0},"end":{"line":1,"column":104}},"type":"if","locations":[{"start":{"line":1,"column":0},"end":{"line":1,"column":104}},{"start":{},"end":{}}],"line":1},"1":{"loc":{"start":{"line":42,"column":4},"end":{"line":42,"column":29}},"type":"if","locations":[{"start":{"line":42,"column":4},"end":{"line":42,"column":29}},{"start":{},"end":{}}],"line":42},"2":{"loc":{"start":{"line":44,"column":4},"end":{"line":44,"column":73}},"type":"if","locations":[{"start":{"line":44,"column":4},"end":{"line":44,"column":73}},{"start":{},"end":{}}],"line":44}},"s":{"0":1,"1":0,"2":1,"3":1,"4":1,"5":1,"6":1,"7":8,"8":1,"9":1,"10":1,"11":1,"12":1,"13":1,"14":1,"15":0,"16":0,"17":0,"18":0,"19":0},"f":{"0":8,"1":1,"2":0},"b":{"0":[0,1],"1":[0,0],"2":[0,0]},"inputSourceMap":{"version":3,"sources":["/Users/zonedelivery/Documents/30-days-mern-stack/client/src/components/SectionCard.tsx"],"names":["SectionCard","header","children","section","className","h1"],"mappings":";;;;;;;;;AAIA,MAAMA,cAA+B,CAAC,EAACC,MAAM,EAAEC,QAAQ,EAAC;IACpD,qBACI,QAACC;QAAQC,WAAU;;0BACjB,QAACC;gBAAGD,WAAU;0BAAYH;;;;;;YAEvBC;;;;;;;AAGb;KARMF;AAUN,eAAeA,YAAY"},"_coverageSchema":"1a1c01bbd47fc00a2c39e90264f33305004495a9","hash":"c357d5200d12f81bf88869af067b82db0d471661"},"/Users/zonedelivery/Documents/30-days-mern-stack/client/src/pages/404Page/index.tsx":{"path":"/Users/zonedelivery/Documents/30-days-mern-stack/client/src/pages/404Page/index.tsx","statementMap":{"0":{"start":{"line":1,"column":0},"end":{"line":1,"column":104}},"1":{"start":{"line":1,"column":26},"end":{"line":1,"column":104}},"2":{"start":{"line":2,"column":23},"end":{"line":2,"column":42}},"3":{"start":{"line":3,"column":23},"end":{"line":3,"column":42}},"4":{"start":{"line":4,"column":0},"end":{"line":4,"column":138}},"5":{"start":{"line":5,"column":0},"end":{"line":5,"column":73}},"6":{"start":{"line":11,"column":18},"end":{"line":28,"column":1}},"7":{"start":{"line":12,"column":4},"end":{"line":27,"column":22}},"8":{"start":{"line":29,"column":0},"end":{"line":29,"column":15}},"9":{"start":{"line":32,"column":0},"end":{"line":32,"column":30}},"10":{"start":{"line":35,"column":0},"end":{"line":35,"column":37}},"11":{"start":{"line":36,"column":0},"end":{"line":36,"column":37}},"12":{"start":{"line":38,"column":0},"end":{"line":45,"column":3}},"13":{"start":{"line":39,"column":2},"end":{"line":39,"column":151}},"14":{"start":{"line":40,"column":2},"end":{"line":44,"column":5}},"15":{"start":{"line":41,"column":4},"end":{"line":41,"column":29}},"16":{"start":{"line":41,"column":22},"end":{"line":41,"column":29}},"17":{"start":{"line":42,"column":30},"end":{"line":42,"column":200}},"18":{"start":{"line":43,"column":4},"end":{"line":43,"column":73}},"19":{"start":{"line":43,"column":27},"end":{"line":43,"column":73}}},"fnMap":{"0":{"name":"(anonymous_0)","decl":{"start":{"line":11,"column":18},"end":{"line":11,"column":19}},"loc":{"start":{"line":11,"column":22},"end":{"line":28,"column":1}},"line":11},"1":{"name":"(anonymous_1)","decl":{"start":{"line":38,"column":50},"end":{"line":38,"column":51}},"loc":{"start":{"line":38,"column":70},"end":{"line":45,"column":1}},"line":38},"2":{"name":"(anonymous_2)","decl":{"start":{"line":40,"column":25},"end":{"line":40,"column":26}},"loc":{"start":{"line":40,"column":42},"end":{"line":44,"column":3}},"line":40}},"branchMap":{"0":{"loc":{"start":{"line":1,"column":0},"end":{"line":1,"column":104}},"type":"if","locations":[{"start":{"line":1,"column":0},"end":{"line":1,"column":104}},{"start":{},"end":{}}],"line":1},"1":{"loc":{"start":{"line":41,"column":4},"end":{"line":41,"column":29}},"type":"if","locations":[{"start":{"line":41,"column":4},"end":{"line":41,"column":29}},{"start":{},"end":{}}],"line":41},"2":{"loc":{"start":{"line":43,"column":4},"end":{"line":43,"column":73}},"type":"if","locations":[{"start":{"line":43,"column":4},"end":{"line":43,"column":73}},{"start":{},"end":{}}],"line":43}},"s":{"0":1,"1":0,"2":1,"3":1,"4":1,"5":1,"6":1,"7":0,"8":1,"9":1,"10":1,"11":1,"12":1,"13":1,"14":1,"15":0,"16":0,"17":0,"18":0,"19":0},"f":{"0":0,"1":1,"2":0},"b":{"0":[0,1],"1":[0,0],"2":[0,0]},"inputSourceMap":{"version":3,"sources":["/Users/zonedelivery/Documents/30-days-mern-stack/client/src/pages/404Page/index.tsx"],"names":["SectionCard","ErrorPage","header","p"],"mappings":";;;;;;;;;AAAA,OAAOA,iBAAiB,+BAA+B;AAEvD,MAAMC,YAAsB;IAC1B,qBACE;kBACE,cAAA,QAACD;YAAYE,QAAO;sBAClB,cAAA,QAACC;0BAAE;;;;;;;;;;;;AAIX;KARMF;AAUN,eAAeA,UAAU"},"_coverageSchema":"1a1c01bbd47fc00a2c39e90264f33305004495a9","hash":"1d4631d04aecf630994116a6ef23e518cce4d02b"},"/Users/zonedelivery/Documents/30-days-mern-stack/client/src/utils/fetcher.ts":{"path":"/Users/zonedelivery/Documents/30-days-mern-stack/client/src/utils/fetcher.ts","statementMap":{"0":{"start":{"line":2,"column":23},"end":{"line":18,"column":1}},"1":{"start":{"line":3,"column":4},"end":{"line":3,"column":22}},"2":{"start":{"line":4,"column":4},"end":{"line":17,"column":5}},"3":{"start":{"line":5,"column":25},"end":{"line":9,"column":10}},"4":{"start":{"line":10,"column":21},"end":{"line":10,"column":42}},"5":{"start":{"line":11,"column":8},"end":{"line":13,"column":9}},"6":{"start":{"line":12,"column":12},"end":{"line":12,"column":74}},"7":{"start":{"line":14,"column":8},"end":{"line":14,"column":20}},"8":{"start":{"line":16,"column":8},"end":{"line":16,"column":25}}},"fnMap":{"0":{"name":"(anonymous_0)","decl":{"start":{"line":2,"column":23},"end":{"line":2,"column":24}},"loc":{"start":{"line":2,"column":36},"end":{"line":18,"column":1}},"line":2}},"branchMap":{"0":{"loc":{"start":{"line":11,"column":8},"end":{"line":13,"column":9}},"type":"if","locations":[{"start":{"line":11,"column":8},"end":{"line":13,"column":9}},{"start":{},"end":{}}],"line":11},"1":{"loc":{"start":{"line":11,"column":12},"end":{"line":11,"column":38}},"type":"binary-expr","locations":[{"start":{"line":11,"column":12},"end":{"line":11,"column":24}},{"start":{"line":11,"column":28},"end":{"line":11,"column":38}}],"line":11},"2":{"loc":{"start":{"line":12,"column":28},"end":{"line":12,"column":72}},"type":"binary-expr","locations":[{"start":{"line":12,"column":28},"end":{"line":12,"column":38}},{"start":{"line":12,"column":42},"end":{"line":12,"column":72}}],"line":12}},"s":{"0":1,"1":1,"2":1,"3":1,"4":0,"5":0,"6":0,"7":0,"8":0},"f":{"0":1},"b":{"0":[0,0],"1":[0,0],"2":[0,0]},"inputSourceMap":{"version":3,"sources":["/Users/zonedelivery/Documents/30-days-mern-stack/client/src/utils/fetcher.ts"],"names":["NProgress","fetcher","url","start","response","fetch","headers","localStorage","getItem","data","json","ok","error","Error","done"],"mappings":"AAAA,OAAOA,eAAe,YAAY;AAElC,OAAO,MAAMC,UAAU,OAAUC;IAC3BF,UAAUG,KAAK;IAChB,IAAI;QACH,MAAMC,WAAW,MAAMC,MAAMH,KAAK;YAChCI,SAAQ;gBACJ,iBAAgB,YAAUC,aAAaC,OAAO,CAAC;YACnD;QACJ;QACA,MAAMC,OAAO,MAAML,SAASM,IAAI;QAElC,IAAI,CAACN,SAASO,EAAE,IAAIF,KAAKG,KAAK,EAAE;YAC9B,MAAM,IAAIC,MAAMJ,KAAKG,KAAK,IAAI;QAChC;QACA,OAAOH;IACJ,SAAU;QACTT,UAAUc,IAAI;IACf;AACL,EAAE"},"_coverageSchema":"1a1c01bbd47fc00a2c39e90264f33305004495a9","hash":"7f81d9ab52f9f875c3c003f76a864a1e012f9d03"},"/Users/zonedelivery/Documents/30-days-mern-stack/client/src/services-url/users.ts":{"path":"/Users/zonedelivery/Documents/30-days-mern-stack/client/src/services-url/users.ts","statementMap":{"0":{"start":{"line":1,"column":16},"end":{"line":1,"column":43}},"1":{"start":{"line":2,"column":27},"end":{"line":2,"column":45}},"2":{"start":{"line":3,"column":29},"end":{"line":3,"column":58}},"3":{"start":{"line":3,"column":35},"end":{"line":3,"column":58}},"4":{"start":{"line":4,"column":32},"end":{"line":4,"column":61}},"5":{"start":{"line":4,"column":38},"end":{"line":4,"column":61}},"6":{"start":{"line":5,"column":34},"end":{"line":5,"column":77}},"7":{"start":{"line":5,"column":40},"end":{"line":5,"column":77}},"8":{"start":{"line":6,"column":31},"end":{"line":6,"column":63}},"9":{"start":{"line":7,"column":33},"end":{"line":7,"column":71}},"10":{"start":{"line":8,"column":40},"end":{"line":8,"column":94}},"11":{"start":{"line":8,"column":46},"end":{"line":8,"column":94}}},"fnMap":{"0":{"name":"(anonymous_0)","decl":{"start":{"line":3,"column":29},"end":{"line":3,"column":30}},"loc":{"start":{"line":3,"column":35},"end":{"line":3,"column":58}},"line":3},"1":{"name":"(anonymous_1)","decl":{"start":{"line":4,"column":32},"end":{"line":4,"column":33}},"loc":{"start":{"line":4,"column":38},"end":{"line":4,"column":61}},"line":4},"2":{"name":"(anonymous_2)","decl":{"start":{"line":5,"column":34},"end":{"line":5,"column":35}},"loc":{"start":{"line":5,"column":40},"end":{"line":5,"column":77}},"line":5},"3":{"name":"(anonymous_3)","decl":{"start":{"line":8,"column":40},"end":{"line":8,"column":41}},"loc":{"start":{"line":8,"column":46},"end":{"line":8,"column":94}},"line":8}},"branchMap":{},"s":{"0":1,"1":1,"2":1,"3":0,"4":1,"5":0,"6":1,"7":0,"8":1,"9":1,"10":1,"11":0},"f":{"0":0,"1":0,"2":0,"3":0},"b":{},"inputSourceMap":{"version":3,"sources":["/Users/zonedelivery/Documents/30-days-mern-stack/client/src/services-url/users.ts"],"names":["baseUrl","getAllUsers","getSingleUser","id","updateSingleUser","changeUserPassword","newUserPassword","resetUserPassword","updateUserProfilePicture"],"mappings":"AAAA,MAAMA,UAAiB;AAEvB,OAAO,MAAMC,cAAc,GAAGD,QAAQ,MAAM,CAAC,CAAC;AAC9C,OAAO,MAAME,gBAAgB,CAACC,KAAc,GAAGH,QAAQ,MAAM,EAAEG,IAAI,CAAC;AACpE,OAAO,MAAMC,mBAAmB,CAACD,KAAc,GAAGH,QAAQ,MAAM,EAAEG,IAAI,CAAC;AACvE,OAAO,MAAME,qBAAqB,CAACF,KAAc,GAAGH,QAAQ,oBAAoB,EAAEG,IAAI,CAAC;AACvF,OAAO,MAAMG,kBAAkB,GAAGN,QAAQ,oBAAoB,CAAC,CAAC;AAChE,OAAO,MAAMO,oBAAoB,GAAGP,QAAQ,0BAA0B,CAAC,CAAE;AACzE,OAAO,MAAMQ,2BAA2B,CAACL,KAAc,GAAGH,QAAQ,+BAA+B,EAAEG,IAAI,CAAC"},"_coverageSchema":"1a1c01bbd47fc00a2c39e90264f33305004495a9","hash":"4c81c128932c4dc0fad730adcb89e4d761f06139"},"/Users/zonedelivery/Documents/30-days-mern-stack/client/src/tanstack-queries/users.ts":{"path":"/Users/zonedelivery/Documents/30-days-mern-stack/client/src/tanstack-queries/users.ts","statementMap":{"0":{"start":{"line":5,"column":4},"end":{"line":10,"column":7}},"1":{"start":{"line":9,"column":27},"end":{"line":9,"column":118}},"2":{"start":{"line":13,"column":4},"end":{"line":22,"column":7}},"3":{"start":{"line":19,"column":12},"end":{"line":19,"column":33}},"4":{"start":{"line":19,"column":21},"end":{"line":19,"column":33}},"5":{"start":{"line":20,"column":12},"end":{"line":20,"column":46}}},"fnMap":{"0":{"name":"useGetAllUsers","decl":{"start":{"line":4,"column":16},"end":{"line":4,"column":30}},"loc":{"start":{"line":4,"column":65},"end":{"line":11,"column":1}},"line":4},"1":{"name":"(anonymous_1)","decl":{"start":{"line":9,"column":17},"end":{"line":9,"column":18}},"loc":{"start":{"line":9,"column":27},"end":{"line":9,"column":118}},"line":9},"2":{"name":"useSingleUser","decl":{"start":{"line":12,"column":16},"end":{"line":12,"column":29}},"loc":{"start":{"line":12,"column":34},"end":{"line":23,"column":1}},"line":12},"3":{"name":"(anonymous_3)","decl":{"start":{"line":18,"column":17},"end":{"line":18,"column":18}},"loc":{"start":{"line":18,"column":27},"end":{"line":21,"column":9}},"line":18}},"branchMap":{"0":{"loc":{"start":{"line":19,"column":12},"end":{"line":19,"column":33}},"type":"if","locations":[{"start":{"line":19,"column":12},"end":{"line":19,"column":33}},{"start":{},"end":{}}],"line":19}},"s":{"0":2,"1":1,"2":0,"3":0,"4":0,"5":0},"f":{"0":2,"1":1,"2":0,"3":0},"b":{"0":[0,0]},"inputSourceMap":{"version":3,"sources":["/Users/zonedelivery/Documents/30-days-mern-stack/client/src/tanstack-queries/users.ts"],"names":["fetcher","getAllUsers","getSingleUser","useQuery","useGetAllUsers","skip","limit","sortBy","searchEmail","queryKey","queryFn","useSingleUser","id"],"mappings":"AAAA,SAASA,OAAO,QAAQ,mBAAmB;AAC3C,SAASC,WAAW,EAACC,aAAa,QAAQ,0BAA0B;AACpE,SAASC,QAAQ,QAAQ,wBAAwB;AAkBjD,OAAO,SAASC,eAAgBC,IAAW,EAAEC,KAAY,EAAEC,MAAa,EAAEC,WAAkB;IACxF,OAAOL,SAAS;QACZM,UAAS;YAAC;SAAQ;QAClBC,SAAQ,UAAYV,QAAuBC,cAAY,CAAC,MAAM,EAAEI,KAAK,OAAO,EAAEC,MAAM,QAAQ,EAAEC,OAAO,OAAO,EAAEC,aAAa;IAC/H;AACJ;AAEA,OAAO,SAASG,cAAcC,EAAS;IACnC,OAAOT,SAAS;QACZM,UAAS;YAAC;YAAOG;SAAG;QACpBF,SAAS;YACL,IAAG,CAACE,IAAI,OAAO;YACf,OAAOZ,QAAcE,cAAcU;QACvC;IACJ;AACJ"},"_coverageSchema":"1a1c01bbd47fc00a2c39e90264f33305004495a9","hash":"f4d20960e26e9c0532653785b740205ea99b4cab"},"/Users/zonedelivery/Documents/30-days-mern-stack/client/src/utils/types.ts":{"path":"/Users/zonedelivery/Documents/30-days-mern-stack/client/src/utils/types.ts","statementMap":{"0":{"start":{"line":2,"column":26},"end":{"line":6,"column":2}},"1":{"start":{"line":7,"column":27},"end":{"line":10,"column":2}},"2":{"start":{"line":11,"column":28},"end":{"line":16,"column":2}},"3":{"start":{"line":17,"column":33},"end":{"line":21,"column":2}},"4":{"start":{"line":22,"column":32},"end":{"line":31,"column":2}},"5":{"start":{"line":26,"column":43},"end":{"line":26,"column":71}},"6":{"start":{"line":32,"column":29},"end":{"line":40,"column":2}},"7":{"start":{"line":35,"column":43},"end":{"line":35,"column":71}},"8":{"start":{"line":41,"column":36},"end":{"line":43,"column":2}}},"fnMap":{"0":{"name":"(anonymous_0)","decl":{"start":{"line":26,"column":10},"end":{"line":26,"column":11}},"loc":{"start":{"line":26,"column":43},"end":{"line":26,"column":71}},"line":26},"1":{"name":"(anonymous_1)","decl":{"start":{"line":35,"column":10},"end":{"line":35,"column":11}},"loc":{"start":{"line":35,"column":43},"end":{"line":35,"column":71}},"line":35}},"branchMap":{},"s":{"0":1,"1":1,"2":1,"3":1,"4":1,"5":0,"6":1,"7":0,"8":1},"f":{"0":0,"1":0},"b":{},"inputSourceMap":{"version":3,"sources":["/Users/zonedelivery/Documents/30-days-mern-stack/client/src/utils/types.ts"],"names":["z","UserSchema","object","firstName","string","nonempty","min","lastName","email","LoginSchema","password","SignupSchema","editProfileSchema","ChangePassSchema","oldPassword","confirmPassword","refine","message","path","NewPassSchema","ForgotPasswordSchema"],"mappings":"AACA,SAASA,CAAC,QAAiB,MAAM;AAgCjC,OAAO,MAAMC,aAAoCD,EAAEE,MAAM,CAAC;IACtDC,WAAWH,EAAEI,MAAM,GAAGC,QAAQ,GAAGC,GAAG,CAAC;IACrCC,UAAUP,EAAEI,MAAM,GAAGC,QAAQ,GAAGC,GAAG,CAAC;IACpCE,OAAOR,EAAEI,MAAM,GAAGI,KAAK;AAC3B,GAAG;AAEH,OAAO,MAAMC,cAAqCT,EAAEE,MAAM,CAAC;IACvDM,OAAOR,EAAEI,MAAM,GAAGI,KAAK;IACvBE,UAAUV,EAAEI,MAAM,GAAGE,GAAG,CAAC;AAC7B,GAAG;AAEH,OAAO,MAAMK,eAAsCX,EAAEE,MAAM,CAAC;IACxDC,WAAWH,EAAEI,MAAM,GAAGC,QAAQ,GAAGC,GAAG,CAAC;IACrCC,UAAUP,EAAEI,MAAM,GAAGC,QAAQ,GAAGC,GAAG,CAAC;IACpCE,OAAOR,EAAEI,MAAM,GAAGI,KAAK;IACvBE,UAAUV,EAAEI,MAAM,GAAGE,GAAG,CAAC;AAC7B,GAAG;AAEH,OAAO,MAAMM,oBAA2CZ,EAAEE,MAAM,CAAC;IAC7DC,WAAWH,EAAEI,MAAM,GAAGC,QAAQ,GAAGC,GAAG,CAAC;IACrCC,UAAUP,EAAEI,MAAM,GAAGC,QAAQ,GAAGC,GAAG,CAAC;IACpCE,OAAOR,EAAEI,MAAM,GAAGI,KAAK;AAC3B,GAAG;AAEH,OAAO,MAAMK,mBAA0Cb,EAAEE,MAAM,CAAC;IAC5DY,aAAad,EAAEI,MAAM,GAAGE,GAAG,CAAC;IAC5BI,UAAUV,EAAEI,MAAM,GAAGE,GAAG,CAAC;IACzBS,iBAAiBf,EAAEI,MAAM,GAAGE,GAAG,CAAC;AACpC,GAAGU,MAAM,CAAC,CAAC,EAACN,QAAQ,EAACK,eAAe,EAAC,GAAKL,aAAaK,iBAAiB;IAACE,SAAQ;IAA0BC,MAAM;QAAC;KAAkB;AAAA,GAAG;AAEvI,OAAO,MAAMC,gBAAuCnB,EAAEE,MAAM,CAAC;IACzDQ,UAAUV,EAAEI,MAAM,GAAGE,GAAG,CAAC;IACzBS,iBAAiBf,EAAEI,MAAM,GAAGE,GAAG,CAAC;AACpC,GAAGU,MAAM,CAAC,CAAC,EAACN,QAAQ,EAACK,eAAe,EAAC,GAAKL,aAAaK,iBAAiB;IAACE,SAAQ;IAA0BC,MAAM;QAAC;KAAkB;AAAA,GAAG;AAEvI,OAAO,MAAME,uBAA8CpB,EAAEE,MAAM,CAAC;IAChEM,OAAOR,EAAEI,MAAM,GAAGI,KAAK;AAC3B,GAAG"},"_coverageSchema":"1a1c01bbd47fc00a2c39e90264f33305004495a9","hash":"c8e7d40213c00c0b7b381da537395a7d84a78f85"},"/Users/zonedelivery/Documents/30-days-mern-stack/client/src/components/FormField.tsx":{"path":"/Users/zonedelivery/Documents/30-days-mern-stack/client/src/components/FormField.tsx","statementMap":{"0":{"start":{"line":1,"column":0},"end":{"line":1,"column":104}},"1":{"start":{"line":1,"column":26},"end":{"line":1,"column":104}},"2":{"start":{"line":2,"column":23},"end":{"line":2,"column":42}},"3":{"start":{"line":3,"column":23},"end":{"line":3,"column":42}},"4":{"start":{"line":4,"column":0},"end":{"line":4,"column":139}},"5":{"start":{"line":5,"column":0},"end":{"line":5,"column":73}},"6":{"start":{"line":10,"column":18},"end":{"line":42,"column":1}},"7":{"start":{"line":11,"column":4},"end":{"line":41,"column":22}},"8":{"start":{"line":43,"column":0},"end":{"line":43,"column":15}},"9":{"start":{"line":46,"column":0},"end":{"line":46,"column":30}},"10":{"start":{"line":49,"column":0},"end":{"line":49,"column":37}},"11":{"start":{"line":50,"column":0},"end":{"line":50,"column":37}},"12":{"start":{"line":52,"column":0},"end":{"line":59,"column":3}},"13":{"start":{"line":53,"column":2},"end":{"line":53,"column":152}},"14":{"start":{"line":54,"column":2},"end":{"line":58,"column":5}},"15":{"start":{"line":55,"column":4},"end":{"line":55,"column":29}},"16":{"start":{"line":55,"column":22},"end":{"line":55,"column":29}},"17":{"start":{"line":56,"column":30},"end":{"line":56,"column":201}},"18":{"start":{"line":57,"column":4},"end":{"line":57,"column":73}},"19":{"start":{"line":57,"column":27},"end":{"line":57,"column":73}}},"fnMap":{"0":{"name":"(anonymous_0)","decl":{"start":{"line":10,"column":18},"end":{"line":10,"column":19}},"loc":{"start":{"line":10,"column":76},"end":{"line":42,"column":1}},"line":10},"1":{"name":"(anonymous_1)","decl":{"start":{"line":52,"column":50},"end":{"line":52,"column":51}},"loc":{"start":{"line":52,"column":70},"end":{"line":59,"column":1}},"line":52},"2":{"name":"(anonymous_2)","decl":{"start":{"line":54,"column":25},"end":{"line":54,"column":26}},"loc":{"start":{"line":54,"column":42},"end":{"line":58,"column":3}},"line":54}},"branchMap":{"0":{"loc":{"start":{"line":1,"column":0},"end":{"line":1,"column":104}},"type":"if","locations":[{"start":{"line":1,"column":0},"end":{"line":1,"column":104}},{"start":{},"end":{}}],"line":1},"1":{"loc":{"start":{"line":19,"column":38},"end":{"line":21,"column":26}},"type":"cond-expr","locations":[{"start":{"line":19,"column":58},"end":{"line":21,"column":21}},{"start":{"line":21,"column":24},"end":{"line":21,"column":26}}],"line":19},"2":{"loc":{"start":{"line":27,"column":16},"end":{"line":34,"column":24}},"type":"binary-expr","locations":[{"start":{"line":27,"column":16},"end":{"line":27,"column":21}},{"start":{"line":27,"column":39},"end":{"line":34,"column":24}}],"line":27},"3":{"loc":{"start":{"line":55,"column":4},"end":{"line":55,"column":29}},"type":"if","locations":[{"start":{"line":55,"column":4},"end":{"line":55,"column":29}},{"start":{},"end":{}}],"line":55},"4":{"loc":{"start":{"line":57,"column":4},"end":{"line":57,"column":73}},"type":"if","locations":[{"start":{"line":57,"column":4},"end":{"line":57,"column":73}},{"start":{},"end":{}}],"line":57}},"s":{"0":1,"1":0,"2":1,"3":1,"4":1,"5":1,"6":1,"7":18,"8":1,"9":1,"10":1,"11":1,"12":1,"13":1,"14":1,"15":0,"16":0,"17":0,"18":0,"19":0},"f":{"0":18,"1":1,"2":0},"b":{"0":[0,1],"1":[0,18],"2":[18,0],"3":[0,0],"4":[0,0]},"inputSourceMap":{"version":3,"sources":["/Users/zonedelivery/Documents/30-days-mern-stack/client/src/components/FormField.tsx"],"names":["FormField","type","placeholder","name","register","error","readonly","div","input","className","readOnly","valueAsNumber","span","message"],"mappings":";;;;;;;;;AAEA,MAAMA,YAAsC,CAAC,EAC3CC,IAAI,EACJC,WAAW,EACXC,IAAI,EACJC,QAAQ,EACRC,KAAK,EACLC,QAAQ,EACT;IACC,qBACE;kBACE,cAAA,QAACC;;8BACD,QAACC;oBACCC,WAAU;oBACVR,MAAMA;oBACNC,aAAaA;oBACbQ,UAAUJ;oBACT,GAAGF,SAASD,MAAMF,SAAS,WAAW;wBAAEU,eAAe;oBAAK,IAAI,CAAC,EAAE;;;;;;gBAErEN,uBAAS,QAACO;oBAAKH,WAAU;8BAAiBJ,MAAMQ,OAAO;;;;;;;;;;;;;AAI9D;KAtBMb;AAwBN,eAAeA,UAAU"},"_coverageSchema":"1a1c01bbd47fc00a2c39e90264f33305004495a9","hash":"33205ecd40e58908c1e5c033b76c94433c7c5dc5"},"/Users/zonedelivery/Documents/30-days-mern-stack/client/src/components/Button.tsx":{"path":"/Users/zonedelivery/Documents/30-days-mern-stack/client/src/components/Button.tsx","statementMap":{"0":{"start":{"line":1,"column":0},"end":{"line":1,"column":104}},"1":{"start":{"line":1,"column":26},"end":{"line":1,"column":104}},"2":{"start":{"line":2,"column":23},"end":{"line":2,"column":42}},"3":{"start":{"line":3,"column":23},"end":{"line":3,"column":42}},"4":{"start":{"line":4,"column":0},"end":{"line":4,"column":136}},"5":{"start":{"line":5,"column":0},"end":{"line":5,"column":73}},"6":{"start":{"line":10,"column":15},"end":{"line":22,"column":1}},"7":{"start":{"line":11,"column":4},"end":{"line":21,"column":22}},"8":{"start":{"line":23,"column":0},"end":{"line":23,"column":12}},"9":{"start":{"line":26,"column":0},"end":{"line":26,"column":27}},"10":{"start":{"line":29,"column":0},"end":{"line":29,"column":37}},"11":{"start":{"line":30,"column":0},"end":{"line":30,"column":37}},"12":{"start":{"line":32,"column":0},"end":{"line":39,"column":3}},"13":{"start":{"line":33,"column":2},"end":{"line":33,"column":149}},"14":{"start":{"line":34,"column":2},"end":{"line":38,"column":5}},"15":{"start":{"line":35,"column":4},"end":{"line":35,"column":29}},"16":{"start":{"line":35,"column":22},"end":{"line":35,"column":29}},"17":{"start":{"line":36,"column":30},"end":{"line":36,"column":198}},"18":{"start":{"line":37,"column":4},"end":{"line":37,"column":73}},"19":{"start":{"line":37,"column":27},"end":{"line":37,"column":73}}},"fnMap":{"0":{"name":"(anonymous_0)","decl":{"start":{"line":10,"column":15},"end":{"line":10,"column":16}},"loc":{"start":{"line":10,"column":37},"end":{"line":22,"column":1}},"line":10},"1":{"name":"(anonymous_1)","decl":{"start":{"line":32,"column":50},"end":{"line":32,"column":51}},"loc":{"start":{"line":32,"column":70},"end":{"line":39,"column":1}},"line":32},"2":{"name":"(anonymous_2)","decl":{"start":{"line":34,"column":25},"end":{"line":34,"column":26}},"loc":{"start":{"line":34,"column":42},"end":{"line":38,"column":3}},"line":34}},"branchMap":{"0":{"loc":{"start":{"line":1,"column":0},"end":{"line":1,"column":104}},"type":"if","locations":[{"start":{"line":1,"column":0},"end":{"line":1,"column":104}},{"start":{},"end":{}}],"line":1},"1":{"loc":{"start":{"line":35,"column":4},"end":{"line":35,"column":29}},"type":"if","locations":[{"start":{"line":35,"column":4},"end":{"line":35,"column":29}},{"start":{},"end":{}}],"line":35},"2":{"loc":{"start":{"line":37,"column":4},"end":{"line":37,"column":73}},"type":"if","locations":[{"start":{"line":37,"column":4},"end":{"line":37,"column":73}},{"start":{},"end":{}}],"line":37}},"s":{"0":1,"1":0,"2":1,"3":1,"4":1,"5":1,"6":1,"7":14,"8":1,"9":1,"10":1,"11":1,"12":1,"13":1,"14":1,"15":0,"16":0,"17":0,"18":0,"19":0},"f":{"0":14,"1":1,"2":0},"b":{"0":[0,1],"1":[0,0],"2":[0,0]},"inputSourceMap":{"version":3,"sources":["/Users/zonedelivery/Documents/30-days-mern-stack/client/src/components/Button.tsx"],"names":["Button","label","onClick","button","className"],"mappings":";;;;;;;;;AAKA,MAAMA,SAAyB,CAAC,EAACC,KAAK,EAAEC,OAAO,EAAC;IAC5C,qBAAQ;kBACJ,cAAA,QAACC;YAAOC,WAAU;YAAuJF,SAASA;sBAAUD;;;;;;;AAEpM;KAJMD;AAMN,eAAeA,OAAO"},"_coverageSchema":"1a1c01bbd47fc00a2c39e90264f33305004495a9","hash":"32bf84ce246abcefad03c398ef116599e02e9990"},"/Users/zonedelivery/Documents/30-days-mern-stack/client/src/pages/HomePage/components/Form.tsx":{"path":"/Users/zonedelivery/Documents/30-days-mern-stack/client/src/pages/HomePage/components/Form.tsx","statementMap":{"0":{"start":{"line":1,"column":0},"end":{"line":1,"column":104}},"1":{"start":{"line":1,"column":26},"end":{"line":1,"column":104}},"2":{"start":{"line":2,"column":23},"end":{"line":2,"column":42}},"3":{"start":{"line":3,"column":23},"end":{"line":3,"column":42}},"4":{"start":{"line":4,"column":0},"end":{"line":4,"column":149}},"5":{"start":{"line":5,"column":0},"end":{"line":5,"column":73}},"6":{"start":{"line":10,"column":9},"end":{"line":10,"column":23}},"7":{"start":{"line":16,"column":13},"end":{"line":110,"column":1}},"8":{"start":{"line":17,"column":4},"end":{"line":17,"column":9}},"9":{"start":{"line":18,"column":69},"end":{"line":20,"column":6}},"10":{"start":{"line":21,"column":21},"end":{"line":41,"column":5}},"11":{"start":{"line":22,"column":8},"end":{"line":40,"column":9}},"12":{"start":{"line":23,"column":12},"end":{"line":23,"column":41}},"13":{"start":{"line":24,"column":27},"end":{"line":32,"column":14}},"14":{"start":{"line":33,"column":32},"end":{"line":33,"column":51}},"15":{"start":{"line":34,"column":12},"end":{"line":34,"column":52}},"16":{"start":{"line":34,"column":28},"end":{"line":34,"column":52}},"17":{"start":{"line":35,"column":12},"end":{"line":35,"column":20}},"18":{"start":{"line":36,"column":12},"end":{"line":36,"column":22}},"19":{"start":{"line":38,"column":12},"end":{"line":38,"column":61}},"20":{"start":{"line":39,"column":12},"end":{"line":39,"column":25}},"21":{"start":{"line":42,"column":4},"end":{"line":109,"column":22}},"22":{"start":{"line":111,"column":0},"end":{"line":115,"column":3}},"23":{"start":{"line":112,"column":4},"end":{"line":114,"column":6}},"24":{"start":{"line":116,"column":0},"end":{"line":116,"column":10}},"25":{"start":{"line":119,"column":0},"end":{"line":119,"column":25}},"26":{"start":{"line":122,"column":0},"end":{"line":122,"column":37}},"27":{"start":{"line":123,"column":0},"end":{"line":123,"column":37}},"28":{"start":{"line":125,"column":0},"end":{"line":132,"column":3}},"29":{"start":{"line":126,"column":2},"end":{"line":126,"column":162}},"30":{"start":{"line":127,"column":2},"end":{"line":131,"column":5}},"31":{"start":{"line":128,"column":4},"end":{"line":128,"column":29}},"32":{"start":{"line":128,"column":22},"end":{"line":128,"column":29}},"33":{"start":{"line":129,"column":30},"end":{"line":129,"column":211}},"34":{"start":{"line":130,"column":4},"end":{"line":130,"column":73}},"35":{"start":{"line":130,"column":27},"end":{"line":130,"column":73}}},"fnMap":{"0":{"name":"(anonymous_0)","decl":{"start":{"line":16,"column":13},"end":{"line":16,"column":14}},"loc":{"start":{"line":16,"column":28},"end":{"line":110,"column":1}},"line":16},"1":{"name":"(anonymous_1)","decl":{"start":{"line":21,"column":21},"end":{"line":21,"column":22}},"loc":{"start":{"line":21,"column":35},"end":{"line":41,"column":5}},"line":21},"2":{"name":"(anonymous_2)","decl":{"start":{"line":111,"column":48},"end":{"line":111,"column":49}},"loc":{"start":{"line":111,"column":59},"end":{"line":115,"column":1}},"line":111},"3":{"name":"(anonymous_3)","decl":{"start":{"line":125,"column":50},"end":{"line":125,"column":51}},"loc":{"start":{"line":125,"column":70},"end":{"line":132,"column":1}},"line":125},"4":{"name":"(anonymous_4)","decl":{"start":{"line":127,"column":25},"end":{"line":127,"column":26}},"loc":{"start":{"line":127,"column":42},"end":{"line":131,"column":3}},"line":127}},"branchMap":{"0":{"loc":{"start":{"line":1,"column":0},"end":{"line":1,"column":104}},"type":"if","locations":[{"start":{"line":1,"column":0},"end":{"line":1,"column":104}},{"start":{},"end":{}}],"line":1},"1":{"loc":{"start":{"line":34,"column":12},"end":{"line":34,"column":52}},"type":"if","locations":[{"start":{"line":34,"column":12},"end":{"line":34,"column":52}},{"start":{},"end":{}}],"line":34},"2":{"loc":{"start":{"line":128,"column":4},"end":{"line":128,"column":29}},"type":"if","locations":[{"start":{"line":128,"column":4},"end":{"line":128,"column":29}},{"start":{},"end":{}}],"line":128},"3":{"loc":{"start":{"line":130,"column":4},"end":{"line":130,"column":73}},"type":"if","locations":[{"start":{"line":130,"column":4},"end":{"line":130,"column":73}},{"start":{},"end":{}}],"line":130}},"s":{"0":1,"1":0,"2":1,"3":1,"4":1,"5":1,"6":1,"7":1,"8":2,"9":2,"10":2,"11":0,"12":0,"13":0,"14":0,"15":0,"16":0,"17":0,"18":0,"19":0,"20":0,"21":2,"22":1,"23":1,"24":1,"25":1,"26":1,"27":1,"28":1,"29":1,"30":1,"31":0,"32":0,"33":0,"34":0,"35":0},"f":{"0":2,"1":0,"2":1,"3":1,"4":0},"b":{"0":[0,1],"1":[0,0],"2":[0,0],"3":[0,0]},"inputSourceMap":{"version":3,"sources":["/Users/zonedelivery/Documents/30-days-mern-stack/client/src/pages/HomePage/components/Form.tsx"],"names":["useForm","UserSchema","FormField","zodResolver","Button","Form","refetch","register","handleSubmit","reset","formState","errors","resolver","onSubmit","data","console","log","result","fetch","method","headers","body","JSON","stringify","user","jsonReponse","json","ok","error","alert","form","div","type","placeholder","name","firstName","br","lastName","email","label"],"mappings":";;;;;;;;;;AAAA,SAASA,OAAO,QAAQ,kBAAkB;AAC1C,SAAuBC,UAAU,QAAQ,uBAAuB;AAChE,OAAOC,eAAe,gCAAgC;AACtD,SAASC,WAAW,QAAQ,0BAA0B;AACtD,OAAOC,YAAY,6BAA6B;AAIhD,MAAMC,OAAwB,CAAC,EAAEC,OAAO,EAAE;;IACxC,MAAM,EACJC,QAAQ,EACRC,YAAY,EACZC,KAAK,EACLC,WAAW,EAAEC,MAAM,EAAE,EACtB,GAAGX,QAAsB;QACxBY,UAAUT,YAAYF;IACxB;IAEA,MAAMY,WAAW,OAAOC;QACtB,IAAI;YACFC,QAAQC,GAAG,CAAC,WAAWF;YACvB,MAAMG,SAAS,MAAMC,MAAM,uCAAuC;gBAChEC,QAAQ;gBACRC,SAAS;oBACP,gBAAgB;gBAClB;gBACAC,MAAMC,KAAKC,SAAS,CAAC;oBACnBC,MAAMV;gBACR;YACF;YACA,MAAMW,cAAc,MAAMR,OAAOS,IAAI;YACrC,IAAI,CAACT,OAAOU,EAAE,EAAE,MAAMF,YAAYG,KAAK;YACvCnB;YACAH;QACF,EAAE,OAAOsB,OAAO;YACdb,QAAQa,KAAK,CAAC,4BAA4BA;YAC1CC,MAAMD;QACR;IACF;IACA,qBACE;kBACE,cAAA,QAACE;YAAKjB,UAAUL,aAAaK;sBAC3B,cAAA,QAACkB;;kCACC,QAAC7B;wBACC8B,MAAK;wBACLC,aAAY;wBACZC,MAAK;wBACL3B,UAAUA;wBACVqB,OAAOjB,OAAOwB,SAAS;;;;;;kCAEzB,QAACC;;;;;kCACD,QAAClC;wBACC8B,MAAK;wBACLC,aAAY;wBACZC,MAAK;wBACL3B,UAAUA;wBACVqB,OAAOjB,OAAO0B,QAAQ;;;;;;kCAExB,QAACD;;;;;kCACD,QAAClC;wBACC8B,MAAK;wBACLC,aAAY;wBACZC,MAAK;wBACL3B,UAAUA;wBACVqB,OAAOjB,OAAO2B,KAAK;;;;;;kCAErB,QAAClC;wBAAOmC,OAAM;wBAASP,MAAK;;;;;;;;;;;;;;;;;;AAKtC;GA/DM3B;;QAMAL;;;KANAK;AAiEN,eAAeA,KAAK"},"_coverageSchema":"1a1c01bbd47fc00a2c39e90264f33305004495a9","hash":"215aaf86e97fc5d0a3857659e83bb7870bcf5816"},"/Users/zonedelivery/Documents/30-days-mern-stack/client/src/context/userContext.tsx":{"path":"/Users/zonedelivery/Documents/30-days-mern-stack/client/src/context/userContext.tsx","statementMap":{"0":{"start":{"line":1,"column":0},"end":{"line":1,"column":104}},"1":{"start":{"line":1,"column":26},"end":{"line":1,"column":104}},"2":{"start":{"line":2,"column":23},"end":{"line":2,"column":42}},"3":{"start":{"line":3,"column":23},"end":{"line":3,"column":42}},"4":{"start":{"line":4,"column":0},"end":{"line":4,"column":138}},"5":{"start":{"line":5,"column":0},"end":{"line":5,"column":73}},"6":{"start":{"line":10,"column":9},"end":{"line":10,"column":23}},"7":{"start":{"line":12,"column":34},"end":{"line":12,"column":53}},"8":{"start":{"line":13,"column":21},"end":{"line":44,"column":1}},"9":{"start":{"line":14,"column":4},"end":{"line":14,"column":9}},"10":{"start":{"line":15,"column":28},"end":{"line":24,"column":6}},"11":{"start":{"line":16,"column":29},"end":{"line":16,"column":59}},"12":{"start":{"line":17,"column":27},"end":{"line":17,"column":55}},"13":{"start":{"line":18,"column":28},"end":{"line":18,"column":57}},"14":{"start":{"line":19,"column":8},"end":{"line":23,"column":17}},"15":{"start":{"line":26,"column":19},"end":{"line":31,"column":5}},"16":{"start":{"line":27,"column":8},"end":{"line":27,"column":42}},"17":{"start":{"line":28,"column":8},"end":{"line":28,"column":41}},"18":{"start":{"line":29,"column":8},"end":{"line":29,"column":40}},"19":{"start":{"line":30,"column":8},"end":{"line":30,"column":22}},"20":{"start":{"line":32,"column":4},"end":{"line":43,"column":13}},"21":{"start":{"line":45,"column":0},"end":{"line":45,"column":49}},"22":{"start":{"line":46,"column":0},"end":{"line":46,"column":18}},"23":{"start":{"line":49,"column":0},"end":{"line":49,"column":33}},"24":{"start":{"line":52,"column":0},"end":{"line":52,"column":37}},"25":{"start":{"line":53,"column":0},"end":{"line":53,"column":37}},"26":{"start":{"line":55,"column":0},"end":{"line":62,"column":3}},"27":{"start":{"line":56,"column":2},"end":{"line":56,"column":151}},"28":{"start":{"line":57,"column":2},"end":{"line":61,"column":5}},"29":{"start":{"line":58,"column":4},"end":{"line":58,"column":29}},"30":{"start":{"line":58,"column":22},"end":{"line":58,"column":29}},"31":{"start":{"line":59,"column":30},"end":{"line":59,"column":200}},"32":{"start":{"line":60,"column":4},"end":{"line":60,"column":73}},"33":{"start":{"line":60,"column":27},"end":{"line":60,"column":73}}},"fnMap":{"0":{"name":"(anonymous_0)","decl":{"start":{"line":13,"column":21},"end":{"line":13,"column":22}},"loc":{"start":{"line":13,"column":37},"end":{"line":44,"column":1}},"line":13},"1":{"name":"(anonymous_1)","decl":{"start":{"line":15,"column":37},"end":{"line":15,"column":38}},"loc":{"start":{"line":15,"column":41},"end":{"line":24,"column":5}},"line":15},"2":{"name":"(anonymous_2)","decl":{"start":{"line":26,"column":19},"end":{"line":26,"column":20}},"loc":{"start":{"line":26,"column":23},"end":{"line":31,"column":5}},"line":26},"3":{"name":"(anonymous_3)","decl":{"start":{"line":55,"column":50},"end":{"line":55,"column":51}},"loc":{"start":{"line":55,"column":70},"end":{"line":62,"column":1}},"line":55},"4":{"name":"(anonymous_4)","decl":{"start":{"line":57,"column":25},"end":{"line":57,"column":26}},"loc":{"start":{"line":57,"column":42},"end":{"line":61,"column":3}},"line":57}},"branchMap":{"0":{"loc":{"start":{"line":1,"column":0},"end":{"line":1,"column":104}},"type":"if","locations":[{"start":{"line":1,"column":0},"end":{"line":1,"column":104}},{"start":{},"end":{}}],"line":1},"1":{"loc":{"start":{"line":19,"column":15},"end":{"line":23,"column":16}},"type":"cond-expr","locations":[{"start":{"line":19,"column":59},"end":{"line":23,"column":9}},{"start":{"line":23,"column":12},"end":{"line":23,"column":16}}],"line":19},"2":{"loc":{"start":{"line":19,"column":15},"end":{"line":19,"column":56}},"type":"binary-expr","locations":[{"start":{"line":19,"column":15},"end":{"line":19,"column":25}},{"start":{"line":19,"column":29},"end":{"line":19,"column":41}},{"start":{"line":19,"column":45},"end":{"line":19,"column":56}}],"line":19},"3":{"loc":{"start":{"line":58,"column":4},"end":{"line":58,"column":29}},"type":"if","locations":[{"start":{"line":58,"column":4},"end":{"line":58,"column":29}},{"start":{},"end":{}}],"line":58},"4":{"loc":{"start":{"line":60,"column":4},"end":{"line":60,"column":73}},"type":"if","locations":[{"start":{"line":60,"column":4},"end":{"line":60,"column":73}},{"start":{},"end":{}}],"line":60}},"s":{"0":1,"1":0,"2":1,"3":1,"4":1,"5":1,"6":1,"7":1,"8":1,"9":4,"10":4,"11":2,"12":2,"13":2,"14":2,"15":4,"16":0,"17":0,"18":0,"19":0,"20":4,"21":1,"22":1,"23":1,"24":1,"25":1,"26":1,"27":1,"28":1,"29":0,"30":0,"31":0,"32":0,"33":0},"f":{"0":4,"1":2,"2":0,"3":1,"4":0},"b":{"0":[0,1],"1":[0,2],"2":[2,0,0],"3":[0,0],"4":[0,0]},"inputSourceMap":{"version":3,"sources":["/Users/zonedelivery/Documents/30-days-mern-stack/client/src/context/userContext.tsx"],"names":["createContext","useState","UserContext","UserProvider","children","user","setUser","storedUserId","localStorage","getItem","storedUser","storedToken","id","details","JSON","parse","token","logout","removeItem","Provider","value"],"mappings":";;;;;;;;;;AAAA,SAASA,aAAa,EAAEC,QAAQ,QAAmB,QAAQ;AAqB3D,MAAMC,4BAAcF,cAAsC;AAE1D,MAAMG,eAAe,CAAC,EAAEC,QAAQ,EAA2B;;IACzD,MAAM,CAACC,MAAMC,QAAQ,GAAGL,SAAe;QACrC,MAAMM,eAAeC,aAAaC,OAAO,CAAC;QAC1C,MAAMC,aAAaF,aAAaC,OAAO,CAAC;QACxC,MAAME,cAAcH,aAAaC,OAAO,CAAC;QACzC,OAAOC,cAAcH,gBAAgBI,cAAc;YAACC,IAAIL;YAAcM,SAASC,KAAKC,KAAK,CAACL;YAAaM,OAAML;QAAY,IAAI;IAC/H;IAEA,kBAAkB;IAClB,MAAMM,SAAS;QACbT,aAAaU,UAAU,CAAC;QACxBV,aAAaU,UAAU,CAAC;QACxBV,aAAaU,UAAU,CAAC;QACxBZ,QAAQ;IACV;IAEA,qBACE,QAACJ,YAAYiB,QAAQ;QAACC,OAAO;YAAEf;YAAMC;YAASW;QAAO;kBAClDb;;;;;;AAGP;GArBMD;KAAAA;AAuBN,SAAQD,WAAW,EAACC,YAAY,GAAC"},"_coverageSchema":"1a1c01bbd47fc00a2c39e90264f33305004495a9","hash":"cc1f90719c462087a6c20e60b49f47fbbcdfd563"},"/Users/zonedelivery/Documents/30-days-mern-stack/client/src/hooks/useUser.ts":{"path":"/Users/zonedelivery/Documents/30-days-mern-stack/client/src/hooks/useUser.ts","statementMap":{"0":{"start":{"line":3,"column":16},"end":{"line":7,"column":1}},"1":{"start":{"line":4,"column":24},"end":{"line":4,"column":47}},"2":{"start":{"line":5,"column":4},"end":{"line":5,"column":84}},"3":{"start":{"line":5,"column":22},"end":{"line":5,"column":84}},"4":{"start":{"line":6,"column":4},"end":{"line":6,"column":23}}},"fnMap":{"0":{"name":"(anonymous_0)","decl":{"start":{"line":3,"column":16},"end":{"line":3,"column":17}},"loc":{"start":{"line":3,"column":20},"end":{"line":7,"column":1}},"line":3}},"branchMap":{"0":{"loc":{"start":{"line":5,"column":4},"end":{"line":5,"column":84}},"type":"if","locations":[{"start":{"line":5,"column":4},"end":{"line":5,"column":84}},{"start":{},"end":{}}],"line":5}},"s":{"0":1,"1":14,"2":14,"3":0,"4":14},"f":{"0":14},"b":{"0":[0,14]},"inputSourceMap":{"version":3,"sources":["/Users/zonedelivery/Documents/30-days-mern-stack/client/src/hooks/useUser.ts"],"names":["useContext","UserContext","useUser","userContext","Error"],"mappings":"AAAA,SAASA,UAAU,QAAQ,QAAQ;AACnC,SAASC,WAAW,QAAQ,yBAAyB;AAErD,MAAMC,UAAU;IACZ,MAAMC,cAAcH,WAAWC;IAC/B,IAAG,CAACE,aAAa,MAAM,IAAIC,MAAM;IAEjC,OAAOD;AACX;AACA,SAAQD,OAAO,GAAE"},"_coverageSchema":"1a1c01bbd47fc00a2c39e90264f33305004495a9","hash":"1d2bfd7cb996b9db2a1b45f4ce8b1bfb787a5d24"},"/Users/zonedelivery/Documents/30-days-mern-stack/client/src/utils/helperFunc.ts":{"path":"/Users/zonedelivery/Documents/30-days-mern-stack/client/src/utils/helperFunc.ts","statementMap":{"0":{"start":{"line":1,"column":28},"end":{"line":4,"column":1}},"1":{"start":{"line":2,"column":19},"end":{"line":2,"column":43}},"2":{"start":{"line":3,"column":4},"end":{"line":3,"column":18}}},"fnMap":{"0":{"name":"(anonymous_0)","decl":{"start":{"line":1,"column":28},"end":{"line":1,"column":29}},"loc":{"start":{"line":1,"column":47},"end":{"line":4,"column":1}},"line":1}},"branchMap":{},"s":{"0":1,"1":4,"2":4},"f":{"0":4},"b":{},"inputSourceMap":{"version":3,"sources":["/Users/zonedelivery/Documents/30-days-mern-stack/client/src/utils/helperFunc.ts"],"names":["isAuthorized","userRole","roles","result","includes"],"mappings":"AAAA,OAAO,MAAMA,eAAe,CAACC,UAAiBC;IAC1C,MAAMC,SAAkBD,MAAME,QAAQ,CAACH;IACvC,OAAOE;AACX,EAAC"},"_coverageSchema":"1a1c01bbd47fc00a2c39e90264f33305004495a9","hash":"b441b309d74526b44e895d35f74d9bfb8b452706"},"/Users/zonedelivery/Documents/30-days-mern-stack/client/src/context/socketContext.tsx":{"path":"/Users/zonedelivery/Documents/30-days-mern-stack/client/src/context/socketContext.tsx","statementMap":{"0":{"start":{"line":1,"column":0},"end":{"line":1,"column":104}},"1":{"start":{"line":1,"column":26},"end":{"line":1,"column":104}},"2":{"start":{"line":2,"column":23},"end":{"line":2,"column":42}},"3":{"start":{"line":3,"column":23},"end":{"line":3,"column":42}},"4":{"start":{"line":4,"column":0},"end":{"line":4,"column":140}},"5":{"start":{"line":5,"column":0},"end":{"line":5,"column":73}},"6":{"start":{"line":10,"column":9},"end":{"line":10,"column":23}},"7":{"start":{"line":13,"column":19},"end":{"line":13,"column":42}},"8":{"start":{"line":14,"column":36},"end":{"line":14,"column":60}},"9":{"start":{"line":15,"column":23},"end":{"line":60,"column":1}},"10":{"start":{"line":16,"column":4},"end":{"line":16,"column":9}},"11":{"start":{"line":17,"column":42},"end":{"line":17,"column":57}},"12":{"start":{"line":18,"column":18},"end":{"line":18,"column":47}},"13":{"start":{"line":19,"column":22},"end":{"line":19,"column":34}},"14":{"start":{"line":20,"column":4},"end":{"line":39,"column":11}},"15":{"start":{"line":21,"column":8},"end":{"line":36,"column":9}},"16":{"start":{"line":22,"column":12},"end":{"line":22,"column":61}},"17":{"start":{"line":23,"column":12},"end":{"line":27,"column":15}},"18":{"start":{"line":28,"column":12},"end":{"line":31,"column":15}},"19":{"start":{"line":29,"column":16},"end":{"line":29,"column":37}},"20":{"start":{"line":30,"column":16},"end":{"line":30,"column":75}},"21":{"start":{"line":32,"column":12},"end":{"line":35,"column":15}},"22":{"start":{"line":33,"column":16},"end":{"line":33,"column":38}},"23":{"start":{"line":34,"column":16},"end":{"line":34,"column":56}},"24":{"start":{"line":37,"column":8},"end":{"line":37,"column":22}},"25":{"start":{"line":40,"column":29},"end":{"line":47,"column":5}},"26":{"start":{"line":41,"column":8},"end":{"line":46,"column":9}},"27":{"start":{"line":42,"column":12},"end":{"line":42,"column":49}},"28":{"start":{"line":43,"column":12},"end":{"line":43,"column":43}},"29":{"start":{"line":44,"column":12},"end":{"line":44,"column":37}},"30":{"start":{"line":45,"column":12},"end":{"line":45,"column":34}},"31":{"start":{"line":48,"column":4},"end":{"line":59,"column":13}},"32":{"start":{"line":61,"column":0},"end":{"line":61,"column":51}},"33":{"start":{"line":62,"column":0},"end":{"line":62,"column":20}},"34":{"start":{"line":65,"column":0},"end":{"line":65,"column":35}},"35":{"start":{"line":68,"column":0},"end":{"line":68,"column":37}},"36":{"start":{"line":69,"column":0},"end":{"line":69,"column":37}},"37":{"start":{"line":71,"column":0},"end":{"line":78,"column":3}},"38":{"start":{"line":72,"column":2},"end":{"line":72,"column":153}},"39":{"start":{"line":73,"column":2},"end":{"line":77,"column":5}},"40":{"start":{"line":74,"column":4},"end":{"line":74,"column":29}},"41":{"start":{"line":74,"column":22},"end":{"line":74,"column":29}},"42":{"start":{"line":75,"column":30},"end":{"line":75,"column":202}},"43":{"start":{"line":76,"column":4},"end":{"line":76,"column":73}},"44":{"start":{"line":76,"column":27},"end":{"line":76,"column":73}}},"fnMap":{"0":{"name":"(anonymous_0)","decl":{"start":{"line":15,"column":23},"end":{"line":15,"column":24}},"loc":{"start":{"line":15,"column":39},"end":{"line":60,"column":1}},"line":15},"1":{"name":"(anonymous_1)","decl":{"start":{"line":20,"column":14},"end":{"line":20,"column":15}},"loc":{"start":{"line":20,"column":18},"end":{"line":39,"column":5}},"line":20},"2":{"name":"(anonymous_2)","decl":{"start":{"line":28,"column":44},"end":{"line":28,"column":45}},"loc":{"start":{"line":28,"column":48},"end":{"line":31,"column":13}},"line":28},"3":{"name":"(anonymous_3)","decl":{"start":{"line":32,"column":47},"end":{"line":32,"column":48}},"loc":{"start":{"line":32,"column":51},"end":{"line":35,"column":13}},"line":32},"4":{"name":"(anonymous_4)","decl":{"start":{"line":37,"column":15},"end":{"line":37,"column":16}},"loc":{"start":{"line":37,"column":19},"end":{"line":37,"column":21}},"line":37},"5":{"name":"(anonymous_5)","decl":{"start":{"line":40,"column":29},"end":{"line":40,"column":30}},"loc":{"start":{"line":40,"column":33},"end":{"line":47,"column":5}},"line":40},"6":{"name":"(anonymous_6)","decl":{"start":{"line":71,"column":50},"end":{"line":71,"column":51}},"loc":{"start":{"line":71,"column":70},"end":{"line":78,"column":1}},"line":71},"7":{"name":"(anonymous_7)","decl":{"start":{"line":73,"column":25},"end":{"line":73,"column":26}},"loc":{"start":{"line":73,"column":42},"end":{"line":77,"column":3}},"line":73}},"branchMap":{"0":{"loc":{"start":{"line":1,"column":0},"end":{"line":1,"column":104}},"type":"if","locations":[{"start":{"line":1,"column":0},"end":{"line":1,"column":104}},{"start":{},"end":{}}],"line":1},"1":{"loc":{"start":{"line":21,"column":8},"end":{"line":36,"column":9}},"type":"if","locations":[{"start":{"line":21,"column":8},"end":{"line":36,"column":9}},{"start":{},"end":{}}],"line":21},"2":{"loc":{"start":{"line":41,"column":8},"end":{"line":46,"column":9}},"type":"if","locations":[{"start":{"line":41,"column":8},"end":{"line":46,"column":9}},{"start":{},"end":{}}],"line":41},"3":{"loc":{"start":{"line":74,"column":4},"end":{"line":74,"column":29}},"type":"if","locations":[{"start":{"line":74,"column":4},"end":{"line":74,"column":29}},{"start":{},"end":{}}],"line":74},"4":{"loc":{"start":{"line":76,"column":4},"end":{"line":76,"column":73}},"type":"if","locations":[{"start":{"line":76,"column":4},"end":{"line":76,"column":73}},{"start":{},"end":{}}],"line":76}},"s":{"0":1,"1":0,"2":1,"3":1,"4":1,"5":1,"6":1,"7":1,"8":1,"9":1,"10":2,"11":2,"12":2,"13":2,"14":2,"15":2,"16":1,"17":1,"18":1,"19":0,"20":0,"21":1,"22":0,"23":0,"24":2,"25":2,"26":0,"27":0,"28":0,"29":0,"30":0,"31":2,"32":1,"33":1,"34":1,"35":1,"36":1,"37":1,"38":1,"39":1,"40":0,"41":0,"42":0,"43":0,"44":0},"f":{"0":2,"1":2,"2":0,"3":0,"4":1,"5":0,"6":1,"7":0},"b":{"0":[0,1],"1":[1,1],"2":[0,0],"3":[0,0],"4":[0,0]},"inputSourceMap":{"version":3,"sources":["/Users/zonedelivery/Documents/30-days-mern-stack/client/src/context/socketContext.tsx"],"names":["createContext","useEffect","useState","useRef","io","SERVER_URL","SocketContext","undefined","SocketProvider","children","isConnected","setIsConnected","token","localStorage","getItem","socketRef","current","console","log","auth","on","id","disconnectSocket","disconnect","Provider","value","socket"],"mappings":";;;;;;;;;;AAAA,SAASA,aAAa,EAAiBC,SAAS,EAAEC,QAAQ,EAAEC,MAAM,QAAQ,QAAQ;AAClF,SAAiBC,EAAE,QAAQ,mBAAmB;AAE9C,MAAMC,aAAa;AAQnB,MAAMC,8BAAgBN,cAA2CO;AAEjE,MAAMC,iBAA4C,CAAC,EAAEC,QAAQ,EAAE;;IAC3D,MAAM,CAACC,aAAaC,eAAe,GAAGT,SAAkB;IACxD,MAAMU,QAAQC,aAAaC,OAAO,CAAC;IACnC,MAAMC,YAAYZ,OAAoB;IAEtCF,UAAU;QACN,IAAI,CAACc,UAAUC,OAAO,EAAE;YACpBC,QAAQC,GAAG,CAAC;YAEZH,UAAUC,OAAO,GAAGZ,GAAGC,YAAY;gBAC/Bc,MAAM;oBAAEP;gBAAM;YAClB;YAGAG,UAAUC,OAAO,CAACI,EAAE,CAAC,WAAW;gBAC5BT,eAAe;gBACfM,QAAQC,GAAG,CAAC,wBAAwBH,UAAUC,OAAO,EAAEK;YAC3D;YAEAN,UAAUC,OAAO,CAACI,EAAE,CAAC,cAAc;gBAC/BT,eAAe;gBACfM,QAAQC,GAAG,CAAC;YAChB;QACJ;QAEA,OAAO,KAEP;IACJ,uDAAuD;IACvD,GAAG,EAAE;IAEL,MAAMI,mBAAmB;QACrB,IAAIP,UAAUC,OAAO,EAAE;YACnBC,QAAQC,GAAG,CAAC;YACZH,UAAUC,OAAO,CAACO,UAAU;YAC5BR,UAAUC,OAAO,GAAG;YACpBL,eAAe;QACnB;IACJ;IAEA,qBACI,QAACL,cAAckB,QAAQ;QAACC,OAAO;YAACC,QAAQX,UAAUC,OAAO;YAAEN;YAAYY;QAAgB;kBAClFb;;;;;;AAGb;GA7CMD;KAAAA;AA+CN,SAASF,aAAa,EAAEE,cAAc,GAAG"},"_coverageSchema":"1a1c01bbd47fc00a2c39e90264f33305004495a9","hash":"9e9c8398590513e9e89a4e8aa5ea598005aedfb3"},"/Users/zonedelivery/Documents/30-days-mern-stack/client/src/hooks/useSocket.ts":{"path":"/Users/zonedelivery/Documents/30-days-mern-stack/client/src/hooks/useSocket.ts","statementMap":{"0":{"start":{"line":3,"column":25},"end":{"line":7,"column":1}},"1":{"start":{"line":4,"column":20},"end":{"line":4,"column":45}},"2":{"start":{"line":5,"column":4},"end":{"line":5,"column":56}},"3":{"start":{"line":5,"column":18},"end":{"line":5,"column":56}},"4":{"start":{"line":6,"column":4},"end":{"line":6,"column":19}}},"fnMap":{"0":{"name":"(anonymous_0)","decl":{"start":{"line":3,"column":25},"end":{"line":3,"column":26}},"loc":{"start":{"line":3,"column":29},"end":{"line":7,"column":1}},"line":3}},"branchMap":{"0":{"loc":{"start":{"line":5,"column":4},"end":{"line":5,"column":56}},"type":"if","locations":[{"start":{"line":5,"column":4},"end":{"line":5,"column":56}},{"start":{},"end":{}}],"line":5}},"s":{"0":1,"1":2,"2":2,"3":0,"4":2},"f":{"0":2},"b":{"0":[0,2]},"inputSourceMap":{"version":3,"sources":["/Users/zonedelivery/Documents/30-days-mern-stack/client/src/hooks/useSocket.ts"],"names":["useContext","SocketContext","useSocket","context"],"mappings":"AAAA,SAASA,UAAU,QAAQ,QAAO;AAClC,SAASC,aAAa,QAAQ,2BAA0B;AACxD,OAAO,MAAMC,YAAY;IACrB,MAAMC,UAAUH,WAAWC;IAC3B,IAAG,CAACE,SAAS,MAAM;IACnB,OAAOA;AACX,EAAC"},"_coverageSchema":"1a1c01bbd47fc00a2c39e90264f33305004495a9","hash":"ee4eea9f30e63ff705bd0a4bd5cb978faafb0f48"},"/Users/zonedelivery/Documents/30-days-mern-stack/client/src/pages/HomePage/index.tsx":{"path":"/Users/zonedelivery/Documents/30-days-mern-stack/client/src/pages/HomePage/index.tsx","statementMap":{"0":{"start":{"line":1,"column":0},"end":{"line":1,"column":104}},"1":{"start":{"line":1,"column":26},"end":{"line":1,"column":104}},"2":{"start":{"line":2,"column":23},"end":{"line":2,"column":42}},"3":{"start":{"line":3,"column":23},"end":{"line":3,"column":42}},"4":{"start":{"line":4,"column":0},"end":{"line":4,"column":139}},"5":{"start":{"line":5,"column":0},"end":{"line":5,"column":73}},"6":{"start":{"line":10,"column":9},"end":{"line":10,"column":23}},"7":{"start":{"line":21,"column":17},"end":{"line":452,"column":1}},"8":{"start":{"line":22,"column":4},"end":{"line":22,"column":9}},"9":{"start":{"line":23,"column":20},"end":{"line":23,"column":31}},"10":{"start":{"line":24,"column":28},"end":{"line":24,"column":39}},"11":{"start":{"line":25,"column":32},"end":{"line":25,"column":54}},"12":{"start":{"line":26,"column":42},"end":{"line":26,"column":54}},"13":{"start":{"line":27,"column":57},"end":{"line":27,"column":105}},"14":{"start":{"line":28,"column":25},"end":{"line":32,"column":5}},"15":{"start":{"line":33,"column":23},"end":{"line":33,"column":32}},"16":{"start":{"line":34,"column":29},"end":{"line":34,"column":38}},"17":{"start":{"line":35,"column":41},"end":{"line":35,"column":52}},"18":{"start":{"line":36,"column":24},"end":{"line":36,"column":40}},"19":{"start":{"line":37,"column":36},"end":{"line":37,"column":50}},"20":{"start":{"line":38,"column":27},"end":{"line":46,"column":5}},"21":{"start":{"line":39,"column":8},"end":{"line":39,"column":52}},"22":{"start":{"line":40,"column":8},"end":{"line":42,"column":9}},"23":{"start":{"line":41,"column":12},"end":{"line":41,"column":30}},"24":{"start":{"line":43,"column":8},"end":{"line":45,"column":9}},"25":{"start":{"line":44,"column":12},"end":{"line":44,"column":30}},"26":{"start":{"line":47,"column":4},"end":{"line":57,"column":7}},"27":{"start":{"line":48,"column":8},"end":{"line":50,"column":9}},"28":{"start":{"line":49,"column":12},"end":{"line":49,"column":38}},"29":{"start":{"line":51,"column":8},"end":{"line":53,"column":9}},"30":{"start":{"line":52,"column":12},"end":{"line":52,"column":38}},"31":{"start":{"line":58,"column":4},"end":{"line":63,"column":7}},"32":{"start":{"line":64,"column":23},"end":{"line":67,"column":5}},"33":{"start":{"line":65,"column":8},"end":{"line":65,"column":66}},"34":{"start":{"line":65,"column":36},"end":{"line":65,"column":66}},"35":{"start":{"line":66,"column":8},"end":{"line":66,"column":66}},"36":{"start":{"line":66,"column":35},"end":{"line":66,"column":66}},"37":{"start":{"line":68,"column":4},"end":{"line":74,"column":7}},"38":{"start":{"line":69,"column":8},"end":{"line":69,"column":69}},"39":{"start":{"line":70,"column":8},"end":{"line":70,"column":41}},"40":{"start":{"line":75,"column":4},"end":{"line":81,"column":7}},"41":{"start":{"line":76,"column":8},"end":{"line":76,"column":18}},"42":{"start":{"line":82,"column":4},"end":{"line":87,"column":7}},"43":{"start":{"line":83,"column":8},"end":{"line":83,"column":42}},"44":{"start":{"line":83,"column":32},"end":{"line":83,"column":42}},"45":{"start":{"line":88,"column":4},"end":{"line":98,"column":7}},"46":{"start":{"line":89,"column":8},"end":{"line":94,"column":9}},"47":{"start":{"line":90,"column":12},"end":{"line":90,"column":51}},"48":{"start":{"line":91,"column":12},"end":{"line":91,"column":33}},"49":{"start":{"line":92,"column":12},"end":{"line":92,"column":31}},"50":{"start":{"line":93,"column":12},"end":{"line":93,"column":21}},"51":{"start":{"line":99,"column":23},"end":{"line":108,"column":5}},"52":{"start":{"line":100,"column":8},"end":{"line":103,"column":9}},"53":{"start":{"line":101,"column":12},"end":{"line":101,"column":38}},"54":{"start":{"line":102,"column":12},"end":{"line":102,"column":76}},"55":{"start":{"line":102,"column":43},"end":{"line":102,"column":76}},"56":{"start":{"line":102,"column":67},"end":{"line":102,"column":74}},"57":{"start":{"line":104,"column":8},"end":{"line":107,"column":9}},"58":{"start":{"line":105,"column":12},"end":{"line":105,"column":42}},"59":{"start":{"line":106,"column":12},"end":{"line":106,"column":59}},"60":{"start":{"line":106,"column":26},"end":{"line":106,"column":59}},"61":{"start":{"line":106,"column":50},"end":{"line":106,"column":57}},"62":{"start":{"line":109,"column":29},"end":{"line":117,"column":5}},"63":{"start":{"line":110,"column":8},"end":{"line":113,"column":9}},"64":{"start":{"line":111,"column":12},"end":{"line":111,"column":44}},"65":{"start":{"line":112,"column":12},"end":{"line":112,"column":22}},"66":{"start":{"line":114,"column":8},"end":{"line":116,"column":9}},"67":{"start":{"line":115,"column":12},"end":{"line":115,"column":31}},"68":{"start":{"line":118,"column":4},"end":{"line":451,"column":22}},"69":{"start":{"line":228,"column":51},"end":{"line":228,"column":81}},"70":{"start":{"line":239,"column":53},"end":{"line":239,"column":79}},"71":{"start":{"line":255,"column":53},"end":{"line":255,"column":78}},"72":{"start":{"line":296,"column":96},"end":{"line":303,"column":56}},"73":{"start":{"line":331,"column":115},"end":{"line":362,"column":56}},"74":{"start":{"line":387,"column":49},"end":{"line":387,"column":67}},"75":{"start":{"line":404,"column":49},"end":{"line":404,"column":67}},"76":{"start":{"line":453,"column":0},"end":{"line":460,"column":3}},"77":{"start":{"line":454,"column":4},"end":{"line":459,"column":6}},"78":{"start":{"line":461,"column":0},"end":{"line":461,"column":14}},"79":{"start":{"line":464,"column":0},"end":{"line":464,"column":29}},"80":{"start":{"line":467,"column":0},"end":{"line":467,"column":37}},"81":{"start":{"line":468,"column":0},"end":{"line":468,"column":37}},"82":{"start":{"line":470,"column":0},"end":{"line":477,"column":3}},"83":{"start":{"line":471,"column":2},"end":{"line":471,"column":152}},"84":{"start":{"line":472,"column":2},"end":{"line":476,"column":5}},"85":{"start":{"line":473,"column":4},"end":{"line":473,"column":29}},"86":{"start":{"line":473,"column":22},"end":{"line":473,"column":29}},"87":{"start":{"line":474,"column":30},"end":{"line":474,"column":201}},"88":{"start":{"line":475,"column":4},"end":{"line":475,"column":73}},"89":{"start":{"line":475,"column":27},"end":{"line":475,"column":73}}},"fnMap":{"0":{"name":"(anonymous_0)","decl":{"start":{"line":21,"column":17},"end":{"line":21,"column":18}},"loc":{"start":{"line":21,"column":21},"end":{"line":452,"column":1}},"line":21},"1":{"name":"(anonymous_1)","decl":{"start":{"line":38,"column":27},"end":{"line":38,"column":28}},"loc":{"start":{"line":38,"column":31},"end":{"line":46,"column":5}},"line":38},"2":{"name":"(anonymous_2)","decl":{"start":{"line":47,"column":14},"end":{"line":47,"column":15}},"loc":{"start":{"line":47,"column":18},"end":{"line":54,"column":5}},"line":47},"3":{"name":"(anonymous_3)","decl":{"start":{"line":64,"column":23},"end":{"line":64,"column":24}},"loc":{"start":{"line":64,"column":27},"end":{"line":67,"column":5}},"line":64},"4":{"name":"(anonymous_4)","decl":{"start":{"line":68,"column":14},"end":{"line":68,"column":15}},"loc":{"start":{"line":68,"column":18},"end":{"line":71,"column":5}},"line":68},"5":{"name":"(anonymous_5)","decl":{"start":{"line":75,"column":14},"end":{"line":75,"column":15}},"loc":{"start":{"line":75,"column":18},"end":{"line":78,"column":5}},"line":75},"6":{"name":"(anonymous_6)","decl":{"start":{"line":82,"column":14},"end":{"line":82,"column":15}},"loc":{"start":{"line":82,"column":18},"end":{"line":85,"column":5}},"line":82},"7":{"name":"(anonymous_7)","decl":{"start":{"line":88,"column":14},"end":{"line":88,"column":15}},"loc":{"start":{"line":88,"column":18},"end":{"line":96,"column":5}},"line":88},"8":{"name":"(anonymous_8)","decl":{"start":{"line":99,"column":23},"end":{"line":99,"column":24}},"loc":{"start":{"line":99,"column":33},"end":{"line":108,"column":5}},"line":99},"9":{"name":"(anonymous_9)","decl":{"start":{"line":102,"column":58},"end":{"line":102,"column":59}},"loc":{"start":{"line":102,"column":67},"end":{"line":102,"column":74}},"line":102},"10":{"name":"(anonymous_10)","decl":{"start":{"line":106,"column":41},"end":{"line":106,"column":42}},"loc":{"start":{"line":106,"column":50},"end":{"line":106,"column":57}},"line":106},"11":{"name":"(anonymous_11)","decl":{"start":{"line":109,"column":29},"end":{"line":109,"column":30}},"loc":{"start":{"line":109,"column":39},"end":{"line":117,"column":5}},"line":109},"12":{"name":"(anonymous_12)","decl":{"start":{"line":228,"column":46},"end":{"line":228,"column":47}},"loc":{"start":{"line":228,"column":51},"end":{"line":228,"column":81}},"line":228},"13":{"name":"(anonymous_13)","decl":{"start":{"line":239,"column":49},"end":{"line":239,"column":50}},"loc":{"start":{"line":239,"column":53},"end":{"line":239,"column":79}},"line":239},"14":{"name":"(anonymous_14)","decl":{"start":{"line":255,"column":49},"end":{"line":255,"column":50}},"loc":{"start":{"line":255,"column":53},"end":{"line":255,"column":78}},"line":255},"15":{"name":"(anonymous_15)","decl":{"start":{"line":296,"column":71},"end":{"line":296,"column":72}},"loc":{"start":{"line":296,"column":96},"end":{"line":303,"column":56}},"line":296},"16":{"name":"(anonymous_16)","decl":{"start":{"line":331,"column":93},"end":{"line":331,"column":94}},"loc":{"start":{"line":331,"column":115},"end":{"line":362,"column":56}},"line":331},"17":{"name":"(anonymous_17)","decl":{"start":{"line":387,"column":45},"end":{"line":387,"column":46}},"loc":{"start":{"line":387,"column":49},"end":{"line":387,"column":67}},"line":387},"18":{"name":"(anonymous_18)","decl":{"start":{"line":404,"column":45},"end":{"line":404,"column":46}},"loc":{"start":{"line":404,"column":49},"end":{"line":404,"column":67}},"line":404},"19":{"name":"(anonymous_19)","decl":{"start":{"line":453,"column":52},"end":{"line":453,"column":53}},"loc":{"start":{"line":453,"column":63},"end":{"line":460,"column":1}},"line":453},"20":{"name":"(anonymous_20)","decl":{"start":{"line":470,"column":50},"end":{"line":470,"column":51}},"loc":{"start":{"line":470,"column":70},"end":{"line":477,"column":1}},"line":470},"21":{"name":"(anonymous_21)","decl":{"start":{"line":472,"column":25},"end":{"line":472,"column":26}},"loc":{"start":{"line":472,"column":42},"end":{"line":476,"column":3}},"line":472}},"branchMap":{"0":{"loc":{"start":{"line":1,"column":0},"end":{"line":1,"column":104}},"type":"if","locations":[{"start":{"line":1,"column":0},"end":{"line":1,"column":104}},{"start":{},"end":{}}],"line":1},"1":{"loc":{"start":{"line":40,"column":8},"end":{"line":42,"column":9}},"type":"if","locations":[{"start":{"line":40,"column":8},"end":{"line":42,"column":9}},{"start":{},"end":{}}],"line":40},"2":{"loc":{"start":{"line":43,"column":8},"end":{"line":45,"column":9}},"type":"if","locations":[{"start":{"line":43,"column":8},"end":{"line":45,"column":9}},{"start":{},"end":{}}],"line":43},"3":{"loc":{"start":{"line":48,"column":8},"end":{"line":50,"column":9}},"type":"if","locations":[{"start":{"line":48,"column":8},"end":{"line":50,"column":9}},{"start":{},"end":{}}],"line":48},"4":{"loc":{"start":{"line":51,"column":8},"end":{"line":53,"column":9}},"type":"if","locations":[{"start":{"line":51,"column":8},"end":{"line":53,"column":9}},{"start":{},"end":{}}],"line":51},"5":{"loc":{"start":{"line":65,"column":8},"end":{"line":65,"column":66}},"type":"if","locations":[{"start":{"line":65,"column":8},"end":{"line":65,"column":66}},{"start":{},"end":{}}],"line":65},"6":{"loc":{"start":{"line":66,"column":8},"end":{"line":66,"column":66}},"type":"if","locations":[{"start":{"line":66,"column":8},"end":{"line":66,"column":66}},{"start":{},"end":{}}],"line":66},"7":{"loc":{"start":{"line":83,"column":8},"end":{"line":83,"column":42}},"type":"if","locations":[{"start":{"line":83,"column":8},"end":{"line":83,"column":42}},{"start":{},"end":{}}],"line":83},"8":{"loc":{"start":{"line":89,"column":8},"end":{"line":94,"column":9}},"type":"if","locations":[{"start":{"line":89,"column":8},"end":{"line":94,"column":9}},{"start":{},"end":{}}],"line":89},"9":{"loc":{"start":{"line":89,"column":12},"end":{"line":89,"column":50}},"type":"binary-expr","locations":[{"start":{"line":89,"column":12},"end":{"line":89,"column":25}},{"start":{"line":89,"column":29},"end":{"line":89,"column":50}}],"line":89},"10":{"loc":{"start":{"line":100,"column":8},"end":{"line":103,"column":9}},"type":"if","locations":[{"start":{"line":100,"column":8},"end":{"line":103,"column":9}},{"start":{},"end":{}}],"line":100},"11":{"loc":{"start":{"line":102,"column":12},"end":{"line":102,"column":76}},"type":"if","locations":[{"start":{"line":102,"column":12},"end":{"line":102,"column":76}},{"start":{},"end":{}}],"line":102},"12":{"loc":{"start":{"line":104,"column":8},"end":{"line":107,"column":9}},"type":"if","locations":[{"start":{"line":104,"column":8},"end":{"line":107,"column":9}},{"start":{},"end":{}}],"line":104},"13":{"loc":{"start":{"line":106,"column":12},"end":{"line":106,"column":59}},"type":"if","locations":[{"start":{"line":106,"column":12},"end":{"line":106,"column":59}},{"start":{},"end":{}}],"line":106},"14":{"loc":{"start":{"line":110,"column":8},"end":{"line":113,"column":9}},"type":"if","locations":[{"start":{"line":110,"column":8},"end":{"line":113,"column":9}},{"start":{},"end":{}}],"line":110},"15":{"loc":{"start":{"line":114,"column":8},"end":{"line":116,"column":9}},"type":"if","locations":[{"start":{"line":114,"column":8},"end":{"line":116,"column":9}},{"start":{},"end":{}}],"line":114},"16":{"loc":{"start":{"line":193,"column":16},"end":{"line":428,"column":24}},"type":"binary-expr","locations":[{"start":{"line":193,"column":16},"end":{"line":196,"column":18}},{"start":{"line":196,"column":36},"end":{"line":428,"column":24}}],"line":193},"17":{"loc":{"start":{"line":199,"column":24},"end":{"line":205,"column":32}},"type":"binary-expr","locations":[{"start":{"line":199,"column":24},"end":{"line":199,"column":44}},{"start":{"line":199,"column":48},"end":{"line":199,"column":67}},{"start":{"line":199,"column":85},"end":{"line":205,"column":32}}],"line":199},"18":{"loc":{"start":{"line":206,"column":24},"end":{"line":215,"column":32}},"type":"binary-expr","locations":[{"start":{"line":206,"column":24},"end":{"line":206,"column":42}},{"start":{"line":206,"column":46},"end":{"line":206,"column":66}},{"start":{"line":206,"column":84},"end":{"line":215,"column":32}}],"line":206},"19":{"loc":{"start":{"line":278,"column":42},"end":{"line":278,"column":103}},"type":"cond-expr","locations":[{"start":{"line":278,"column":68},"end":{"line":278,"column":84}},{"start":{"line":278,"column":87},"end":{"line":278,"column":103}}],"line":278},"20":{"loc":{"start":{"line":316,"column":44},"end":{"line":330,"column":52}},"type":"binary-expr","locations":[{"start":{"line":316,"column":44},"end":{"line":316,"column":78}},{"start":{"line":316,"column":96},"end":{"line":330,"column":52}}],"line":316},"21":{"loc":{"start":{"line":316,"column":45},"end":{"line":316,"column":71}},"type":"binary-expr","locations":[{"start":{"line":316,"column":45},"end":{"line":316,"column":49}},{"start":{"line":316,"column":53},"end":{"line":316,"column":71}}],"line":316},"22":{"loc":{"start":{"line":331,"column":44},"end":{"line":362,"column":57}},"type":"binary-expr","locations":[{"start":{"line":331,"column":44},"end":{"line":331,"column":48}},{"start":{"line":331,"column":52},"end":{"line":331,"column":74}},{"start":{"line":331,"column":78},"end":{"line":362,"column":57}}],"line":331},"23":{"loc":{"start":{"line":389,"column":61},"end":{"line":389,"column":108}},"type":"cond-expr","locations":[{"start":{"line":389,"column":74},"end":{"line":389,"column":89}},{"start":{"line":389,"column":92},"end":{"line":389,"column":108}}],"line":389},"24":{"loc":{"start":{"line":406,"column":61},"end":{"line":406,"column":125}},"type":"cond-expr","locations":[{"start":{"line":406,"column":91},"end":{"line":406,"column":106}},{"start":{"line":406,"column":109},"end":{"line":406,"column":125}}],"line":406},"25":{"loc":{"start":{"line":429,"column":16},"end":{"line":444,"column":24}},"type":"binary-expr","locations":[{"start":{"line":429,"column":16},"end":{"line":431,"column":18}},{"start":{"line":431,"column":36},"end":{"line":444,"column":24}}],"line":429},"26":{"loc":{"start":{"line":473,"column":4},"end":{"line":473,"column":29}},"type":"if","locations":[{"start":{"line":473,"column":4},"end":{"line":473,"column":29}},{"start":{},"end":{}}],"line":473},"27":{"loc":{"start":{"line":475,"column":4},"end":{"line":475,"column":73}},"type":"if","locations":[{"start":{"line":475,"column":4},"end":{"line":475,"column":73}},{"start":{},"end":{}}],"line":475}},"s":{"0":1,"1":0,"2":1,"3":1,"4":1,"5":1,"6":1,"7":1,"8":2,"9":2,"10":2,"11":2,"12":2,"13":2,"14":2,"15":2,"16":2,"17":2,"18":2,"19":2,"20":2,"21":0,"22":0,"23":0,"24":0,"25":0,"26":2,"27":2,"28":2,"29":2,"30":0,"31":2,"32":2,"33":0,"34":0,"35":0,"36":0,"37":2,"38":2,"39":2,"40":2,"41":2,"42":2,"43":2,"44":2,"45":2,"46":2,"47":0,"48":0,"49":0,"50":0,"51":2,"52":0,"53":0,"54":0,"55":0,"56":0,"57":0,"58":0,"59":0,"60":0,"61":0,"62":2,"63":0,"64":0,"65":0,"66":0,"67":0,"68":2,"69":0,"70":0,"71":0,"72":6,"73":0,"74":0,"75":0,"76":1,"77":1,"78":1,"79":1,"80":1,"81":1,"82":1,"83":1,"84":1,"85":0,"86":0,"87":0,"88":0,"89":0},"f":{"0":2,"1":0,"2":2,"3":0,"4":2,"5":2,"6":2,"7":2,"8":0,"9":0,"10":0,"11":0,"12":0,"13":0,"14":0,"15":6,"16":0,"17":0,"18":0,"19":1,"20":1,"21":0},"b":{"0":[0,1],"1":[0,0],"2":[0,0],"3":[2,0],"4":[0,2],"5":[0,0],"6":[0,0],"7":[2,0],"8":[0,2],"9":[2,0],"10":[0,0],"11":[0,0],"12":[0,0],"13":[0,0],"14":[0,0],"15":[0,0],"16":[2,2],"17":[2,2,2],"18":[2,0,0],"19":[2,0],"20":[2,0],"21":[2,0],"22":[2,0,0],"23":[2,0],"24":[2,0],"25":[2,2],"26":[0,0],"27":[0,0]},"inputSourceMap":{"version":3,"sources":["/Users/zonedelivery/Documents/30-days-mern-stack/client/src/pages/HomePage/index.tsx"],"names":["useEffect","useRef","useState","ChevronLeftIcon","ChevronRightIcon","useGetAllUsers","Form","SectionCard","useUser","isAuthorized","Trans","useTranslation","Button","useSocket","HomePage","limit","skip","setSkip","sortBy","setSortBy","emailFilter","setEmailFilter","status","data","error","isFetching","refetch","tableHeading","totalPages","user","logout","socket","disconnectSocket","t","i18n","currLang","setCurrlang","toggleLanguage","console","log","changeLanguage","info","toggleSort","current","Math","round","Number","total","message","disconnect","changePage","action","value","handleFilterForm","div","className","h1","header","p","i18nKey","code","label","type","onClick","details","role","input","id","name","required","min","placeholder","onChange","e","target","span","title","table","thead","tr","map","heading","th","tbody","users","length","td","colSpan","firstName","lastName","email","_id","button","disabled"],"mappings":";;;;;;;;;;AAAA,SAASA,SAAS,EAAEC,MAAM,EAAEC,QAAQ,QAAQ,QAAQ;AACpD,SAASC,eAAe,EAAEC,gBAAgB,QAAQ,4BAA4B;AAC9E,SAASC,cAAc,QAAQ,+BAA+B;AAC9D,OAAOC,UAAU,oBAAoB;AACrC,OAAOC,iBAAiB,+BAA+B;AACvD,SAASC,OAAO,QAAQ,sBAAsB;AAC9C,SAASC,YAAY,QAAQ,yBAAyB;AACtD,SAASC,KAAK,EAAEC,cAAc,QAAQ,gBAAgB;AACtD,OAAOC,YAAY,0BAA0B;AAC7C,SAASC,SAAS,QAAQ,wBAAwB;AAClD,MAAMC,WAAW;;IACf,MAAM,CAACC,MAAM,GAAGb,SAAiB;IACjC,MAAM,CAACc,MAAMC,QAAQ,GAAGf,SAAiB,IAAI,cAAc;IAC3D,MAAM,CAACgB,QAAQC,UAAU,GAAGjB,SAAiB;IAC7C,MAAM,CAACkB,aAAaC,eAAe,GAAGnB,SAAiB;IACvD,MAAM,EAAEoB,MAAM,EAAEC,IAAI,EAAEC,KAAK,EAAEC,UAAU,EAAEC,OAAO,EAAE,GAAGrB,eACnDW,MACAD,OACAG,QACAE;IAGF,MAAMO,eAA8B;QAAC;QAAc;QAAa;KAAQ;IACxE,MAAMC,aAAa3B,OAAe;IAElC,MAAM,EAAE4B,IAAI,EAAEC,MAAM,EAAE,GAAGtB;IACzB,MAAM,EAAEuB,MAAM,EAAEC,gBAAgB,EAAE,GAAGnB;IACrC,MAAM,EAAEoB,CAAC,EAAEC,IAAI,EAAE,GAAGvB;IACpB,MAAM,CAACwB,UAAUC,YAAY,GAAGlC,SAAiB;IAEjD,MAAMmC,iBAAiB;QACrBC,QAAQC,GAAG,CAAC,sBAAsBJ;QAClC,IAAIA,aAAa,MAAM;YACrBC,YAAY;QACd;QAEA,IAAID,aAAa,MAAM;YACrBC,YAAY;QACd;IACF;IAEApC,UAAU;QACR,IAAImC,aAAa,MAAM;YACrBD,KAAKM,cAAc,CAAC;QACtB;QAEA,IAAIL,aAAa,MAAM;YACrBD,KAAKM,cAAc,CAAC;QACtB;IACF,GAAG;QAACL;QAAUD;KAAK;IAEnBI,QAAQG,IAAI,CAAC;QAAEnB;QAAQC;QAAMC;QAAOC;IAAW;IAC/C,MAAMiB,aAAa;QACjB,IAAIxB,UAAU,cAAc,OAAOC,UAAU;QAC7C,IAAID,UAAU,aAAa,OAAOC,UAAU;IAC9C;IAEAnB,UAAU;QACR4B,WAAWe,OAAO,GAAGC,KAAKC,KAAK,CAACC,OAAOvB,MAAMwB,SAAShC;QACtDuB,QAAQG,IAAI,CAACb,WAAWe,OAAO;IACjC,GAAG;QAACpB,MAAMwB;QAAOhC;KAAM;IAEvBf,UAAU;QACR0B;IACA,uDAAuD;IACzD,GAAG;QAACR;QAAQF;KAAK;IAEjBhB,UAAU;QACR,IAAIoB,gBAAgB,IAAIM;IACxB,uDAAuD;IACzD,GAAG;QAACN;KAAY;IAEhBpB,UAAU;QACR,IAAIwB,SAAS,QAAQA,MAAMwB,OAAO,IAAI,MAAM;YAC1CV,QAAQC,GAAG,CAAC,oBAAoBf;YAChCO,QAAQkB;YACRjB;YACAF;QACF;IACA,uDAAuD;IACzD,GAAG;QAACN;KAAM;IAEV,MAAM0B,aAAa,CAACC;QAClB,IAAIA,WAAW,QAAQ;YACrBb,QAAQG,IAAI,CAAC;YACb,IAAIzB,OAAOY,WAAWe,OAAO,EAAE,OAAO1B,QAAQ,CAACmC,QAAkB,EAAEA;QACrE;QAEA,IAAID,WAAW,QAAQ;YACrBb,QAAQG,IAAI,CAAC;YACb,IAAIzB,OAAO,GAAG,OAAOC,QAAQ,CAACmC,QAAkB,EAAEA;QACpD;IACF;IAEA,MAAMC,mBAAmB,CAACF;QACxB,IAAIA,WAAW,UAAU;YACvBb,QAAQG,IAAI,CAAC;YACbf;QACF;QAEA,IAAIyB,WAAW,SAAS;YACtB9B,eAAe;QACjB;IACF;IAEA,qBACE;kBACE,cAAA,QAACiC;YAAIC,WAAU;;8BACb,QAACC;oBAAGD,WAAU;8BAAgC;;;;;;8BAE9C,QAAChD;oBAAYkD,QAAO;;sCAClB,QAACD;sCAAG;;;;;;sCACJ,QAACE;sCAAGzB,EAAE;;;;;;sCACN,QAACyB;sCACC,cAAA,QAAChD;gCAAMiD,SAAS;;oCAAqB;kDACd,QAACC;kDAAK;;;;;;oCAAiB;;;;;;;;;;;;sCAGhD,QAACF;sCAAGzB,EAAE;;;;;;sCACN,QAACrB;4BACCiD,OAAO1B;4BACP2B,MAAK;4BACLC,SAAS1B;;;;;;;;;;;;gBAKZ5B,aAAaoB,KAAMmC,OAAO,CAAEC,IAAI,EAAE;oBAAC;oBAAS;iBAAS,mBACpD,QAAC1D;oBAAYkD,QAAO;;wBACjBnC,WAAW,aAAaG,eAAe,sBAAQ,QAACiC;sCAAE;;;;;;wBAClDpC,WAAW,WAAWG,eAAe,uBACpC,QAACiC;;gCAAE;gCAAQlC,MAAMwB,OAAO;;;;;;;sCAI1B,QAACM;4BAAIC,WAAU;;8CACb,QAACW;oCACCX,WAAU;oCACVO,MAAK;oCACLK,IAAG;oCACHC,MAAK;oCACLC,QAAQ;oCACRC,KAAI;oCACJC,aAAY;oCACZnB,OAAOhC;oCACPoD,UAAU,CAACC,IAAMpD,eAAeoD,EAAEC,MAAM,CAACtB,KAAK;;;;;;8CAEhD,QAACuB;oCAAKpB,WAAU;8CACd,cAAA,QAAC3C;wCACCiD,OAAM;wCACNC,MAAK;wCACLC,SAAS,IAAMV,iBAAiB;;;;;;;;;;;8CAGpC,QAACsB;oCAAKpB,WAAU;8CACd,cAAA,QAAC3C;wCACCiD,OAAM;wCACNC,MAAK;wCACLC,SAAS,IAAMV,iBAAiB;;;;;;;;;;;;;;;;;sCAMtC,QAACC;4BAAIC,WAAU;sCACb,cAAA,QAACoB;gCACCpB,WAAU;gCACVQ,SAASrB;gCACTkC,OAAM;0CAEL1D,WAAW,eAAe,mBAAmB;;;;;;;;;;;sCAIlD,QAACoC;4BAAIC,WAAU;sCACb,cAAA,QAACsB;gCAAMtB,WAAU;;kDAEf,QAACuB;kDACC,cAAA,QAACC;sDACEpD,aAAaqD,GAAG,CAAC,CAACC,wBACjB,QAACC;oDAAG3B,WAAU;8DACX0B;mDAD4CA;;;;;;;;;;;;;;;kDAOrD,QAACE;;4CACG5D,CAAAA,QAAQA,KAAK6D,KAAK,EAAEC,MAAK,MAAO,mBAChC,QAACN;0DACC,cAAA,QAACO;oDAAGC,SAAS;oDAAGhC,WAAU;8DAA4B;;;;;;;;;;;4CAMzDhC,QACCA,KAAK6D,KAAK,EAAEC,SAAS,KACrB9D,KAAK6D,KAAK,CAACJ,GAAG,CAAC,CAACnD,qBACd,QAACkD;;sEACC,QAACO;4DAAG/B,WAAU;sEACX1B,KAAK2D,SAAS;;;;;;sEAEjB,QAACF;4DAAG/B,WAAU;sEACX1B,KAAK4D,QAAQ;;;;;;sEAEhB,QAACH;4DAAG/B,WAAU;sEACX1B,KAAK6D,KAAK;;;;;;;mDARN7D,KAAK8D,GAAG;;;;;;;;;;;;;;;;;;;;;;sCAgB3B,QAACrC;4BAAIC,WAAU;;8CAEb,QAACqC;oCACCC,UAAU7E,SAAS;oCACnB8C,MAAK;oCACLP,WAAU;oCACVQ,SAAS,IAAMb,WAAW;8CAE1B,cAAA,QAAC/C;wCACCoD,WAAW,CAAC,OAAO,EACjBvC,SAAS,IAAI,kBAAkB,kBAC/B;;;;;;;;;;;8CAIN,QAAC4E;oCACCC,UAAU7E,SAASY,WAAWe,OAAO;oCACrCmB,MAAK;oCACLP,WAAU;oCACVQ,SAAS,IAAMb,WAAW;8CAE1B,cAAA,QAAC9C;wCACCmD,WAAW,CAAC,OAAO,EACjBvC,SAASY,WAAWe,OAAO,GACvB,kBACA,kBACJ;;;;;;;;;;;;;;;;;;;;;;;gBAQXlC,aAAaoB,KAAMmC,OAAO,CAAEC,IAAI,EAAE;oBAAC;iBAAQ,mBAC1C,QAAC1D;oBAAYkD,QAAO;8BAClB,cAAA,QAACnD;wBAAKoB,SAASA;;;;;;;;;;;;;;;;;;AAM3B;GAvPMZ;;QAKiDT;QAU5BG;QACYK;QACjBF;;;KAjBhBG;AAyPN,eAAeA,SAAS"},"_coverageSchema":"1a1c01bbd47fc00a2c39e90264f33305004495a9","hash":"3a3456fcc8f331744bd7e222f98a4a7245f20f8b"},"/Users/zonedelivery/Documents/30-days-mern-stack/client/src/components/Header.tsx":{"path":"/Users/zonedelivery/Documents/30-days-mern-stack/client/src/components/Header.tsx","statementMap":{"0":{"start":{"line":1,"column":0},"end":{"line":1,"column":104}},"1":{"start":{"line":1,"column":26},"end":{"line":1,"column":104}},"2":{"start":{"line":2,"column":23},"end":{"line":2,"column":42}},"3":{"start":{"line":3,"column":23},"end":{"line":3,"column":42}},"4":{"start":{"line":4,"column":0},"end":{"line":4,"column":136}},"5":{"start":{"line":5,"column":0},"end":{"line":5,"column":73}},"6":{"start":{"line":10,"column":9},"end":{"line":10,"column":23}},"7":{"start":{"line":13,"column":15},"end":{"line":110,"column":1}},"8":{"start":{"line":14,"column":4},"end":{"line":14,"column":9}},"9":{"start":{"line":15,"column":21},"end":{"line":15,"column":30}},"10":{"start":{"line":16,"column":4},"end":{"line":109,"column":13}},"11":{"start":{"line":111,"column":0},"end":{"line":115,"column":3}},"12":{"start":{"line":112,"column":4},"end":{"line":114,"column":6}},"13":{"start":{"line":116,"column":0},"end":{"line":116,"column":12}},"14":{"start":{"line":119,"column":0},"end":{"line":119,"column":27}},"15":{"start":{"line":122,"column":0},"end":{"line":122,"column":37}},"16":{"start":{"line":123,"column":0},"end":{"line":123,"column":37}},"17":{"start":{"line":125,"column":0},"end":{"line":132,"column":3}},"18":{"start":{"line":126,"column":2},"end":{"line":126,"column":149}},"19":{"start":{"line":127,"column":2},"end":{"line":131,"column":5}},"20":{"start":{"line":128,"column":4},"end":{"line":128,"column":29}},"21":{"start":{"line":128,"column":22},"end":{"line":128,"column":29}},"22":{"start":{"line":129,"column":30},"end":{"line":129,"column":198}},"23":{"start":{"line":130,"column":4},"end":{"line":130,"column":73}},"24":{"start":{"line":130,"column":27},"end":{"line":130,"column":73}}},"fnMap":{"0":{"name":"(anonymous_0)","decl":{"start":{"line":13,"column":15},"end":{"line":13,"column":16}},"loc":{"start":{"line":13,"column":19},"end":{"line":110,"column":1}},"line":13},"1":{"name":"(anonymous_1)","decl":{"start":{"line":111,"column":50},"end":{"line":111,"column":51}},"loc":{"start":{"line":111,"column":61},"end":{"line":115,"column":1}},"line":111},"2":{"name":"(anonymous_2)","decl":{"start":{"line":125,"column":50},"end":{"line":125,"column":51}},"loc":{"start":{"line":125,"column":70},"end":{"line":132,"column":1}},"line":125},"3":{"name":"(anonymous_3)","decl":{"start":{"line":127,"column":25},"end":{"line":127,"column":26}},"loc":{"start":{"line":127,"column":42},"end":{"line":131,"column":3}},"line":127}},"branchMap":{"0":{"loc":{"start":{"line":1,"column":0},"end":{"line":1,"column":104}},"type":"if","locations":[{"start":{"line":1,"column":0},"end":{"line":1,"column":104}},{"start":{},"end":{}}],"line":1},"1":{"loc":{"start":{"line":47,"column":24},"end":{"line":60,"column":32}},"type":"binary-expr","locations":[{"start":{"line":47,"column":24},"end":{"line":47,"column":29}},{"start":{"line":47,"column":47},"end":{"line":60,"column":32}}],"line":47},"2":{"loc":{"start":{"line":61,"column":24},"end":{"line":92,"column":40}},"type":"binary-expr","locations":[{"start":{"line":61,"column":24},"end":{"line":61,"column":28}},{"start":{"line":61,"column":46},"end":{"line":92,"column":40}}],"line":61},"3":{"loc":{"start":{"line":128,"column":4},"end":{"line":128,"column":29}},"type":"if","locations":[{"start":{"line":128,"column":4},"end":{"line":128,"column":29}},{"start":{},"end":{}}],"line":128},"4":{"loc":{"start":{"line":130,"column":4},"end":{"line":130,"column":73}},"type":"if","locations":[{"start":{"line":130,"column":4},"end":{"line":130,"column":73}},{"start":{},"end":{}}],"line":130}},"s":{"0":1,"1":0,"2":1,"3":1,"4":1,"5":1,"6":1,"7":1,"8":4,"9":4,"10":4,"11":1,"12":1,"13":1,"14":1,"15":1,"16":1,"17":1,"18":1,"19":1,"20":0,"21":0,"22":0,"23":0,"24":0},"f":{"0":4,"1":1,"2":1,"3":0},"b":{"0":[0,1],"1":[4,2],"2":[4,2],"3":[0,0],"4":[0,0]},"inputSourceMap":{"version":3,"sources":["/Users/zonedelivery/Documents/30-days-mern-stack/client/src/components/Header.tsx"],"names":["Link","useUser","Header","user","header","className","nav","a","href","ul","li","to"],"mappings":";;;;;;;;;;AAAA,SAASA,IAAI,QAAQ,eAAe;AACpC,SAASC,OAAO,QAAQ,mBAAmB;AAE3C,MAAMC,SAAkB;;IACpB,MAAM,EAACC,IAAI,EAAC,GAAGF;IACf,qBACI,QAACG;QAAOC,WAAU;kBACd,cAAA,QAACC;YAAID,WAAU;;8BACX,QAACE;oBAAEC,MAAK;oBAAIH,WAAU;8BAAqB;;;;;;8BAC3C,QAACI;oBAAGJ,WAAU;;sCACV,QAACK;sCAAG,cAAA,QAACV;gCAAKW,IAAI;0CAAK;;;;;;;;;;;wBAClB,CAACR,sBACF,QAACO;sCAAG,cAAA,QAACV;gCAAKW,IAAI;0CAAe;;;;;;;;;;;wBAE5BR,sBACD;;8CACA,QAACO;8CAAG,cAAA,QAACV;wCAAKW,IAAI;kDAAiB;;;;;;;;;;;8CAC/B,QAACD;8CAAG,cAAA,QAACV;wCAAKW,IAAI;kDAAY;;;;;;;;;;;;;;;;;;;;;;;;;;;;;;AAM9C;GApBMT;;QACaD;;;KADbC;AAsBN,eAAeA,OAAO"},"_coverageSchema":"1a1c01bbd47fc00a2c39e90264f33305004495a9","hash":"b597b853a55904c4574d231b6627f7c9ce5ab8a9"},"/Users/zonedelivery/Documents/30-days-mern-stack/client/src/layout/RootLayout.tsx":{"path":"/Users/zonedelivery/Documents/30-days-mern-stack/client/src/layout/RootLayout.tsx","statementMap":{"0":{"start":{"line":1,"column":0},"end":{"line":1,"column":104}},"1":{"start":{"line":1,"column":26},"end":{"line":1,"column":104}},"2":{"start":{"line":2,"column":23},"end":{"line":2,"column":42}},"3":{"start":{"line":3,"column":23},"end":{"line":3,"column":42}},"4":{"start":{"line":4,"column":0},"end":{"line":4,"column":136}},"5":{"start":{"line":5,"column":0},"end":{"line":5,"column":73}},"6":{"start":{"line":12,"column":19},"end":{"line":27,"column":1}},"7":{"start":{"line":13,"column":4},"end":{"line":26,"column":21}},"8":{"start":{"line":28,"column":0},"end":{"line":28,"column":16}},"9":{"start":{"line":31,"column":0},"end":{"line":31,"column":31}},"10":{"start":{"line":34,"column":0},"end":{"line":34,"column":37}},"11":{"start":{"line":35,"column":0},"end":{"line":35,"column":37}},"12":{"start":{"line":37,"column":0},"end":{"line":44,"column":3}},"13":{"start":{"line":38,"column":2},"end":{"line":38,"column":149}},"14":{"start":{"line":39,"column":2},"end":{"line":43,"column":5}},"15":{"start":{"line":40,"column":4},"end":{"line":40,"column":29}},"16":{"start":{"line":40,"column":22},"end":{"line":40,"column":29}},"17":{"start":{"line":41,"column":30},"end":{"line":41,"column":198}},"18":{"start":{"line":42,"column":4},"end":{"line":42,"column":73}},"19":{"start":{"line":42,"column":27},"end":{"line":42,"column":73}}},"fnMap":{"0":{"name":"(anonymous_0)","decl":{"start":{"line":12,"column":19},"end":{"line":12,"column":20}},"loc":{"start":{"line":12,"column":23},"end":{"line":27,"column":1}},"line":12},"1":{"name":"(anonymous_1)","decl":{"start":{"line":37,"column":50},"end":{"line":37,"column":51}},"loc":{"start":{"line":37,"column":70},"end":{"line":44,"column":1}},"line":37},"2":{"name":"(anonymous_2)","decl":{"start":{"line":39,"column":25},"end":{"line":39,"column":26}},"loc":{"start":{"line":39,"column":42},"end":{"line":43,"column":3}},"line":39}},"branchMap":{"0":{"loc":{"start":{"line":1,"column":0},"end":{"line":1,"column":104}},"type":"if","locations":[{"start":{"line":1,"column":0},"end":{"line":1,"column":104}},{"start":{},"end":{}}],"line":1},"1":{"loc":{"start":{"line":40,"column":4},"end":{"line":40,"column":29}},"type":"if","locations":[{"start":{"line":40,"column":4},"end":{"l
[...]
D;oCAAIC,WAAU;8CACZtC,gBACCA,aAAaiB,MAAM,GAAG,KACtBjB,aAAawC,GAAG,CAAC,CAACd,wBAChB;sDAEE,cAAA,QAACW;gDAAIC,WAAW,CAAC,cAAc,EAAE/C,MAAMc,OAAOqB,SAASf,SAAQmB,WAAWI,OAAO,GAACJ,WAAWK,SAAS,EAAE;0DACtG,cAAA,QAACM;oDAAQH,WAAU;;sEACjB,QAACI;4DAAKJ,WAAU;sEACbZ,QAAQD,IAAI;;;;;;sEAEf,QAACY;4DACCC,WAAW,CAAC,yBAAyB,EAAE/C,MAAMc,OAAOqB,QAAQf,MAAM,GAAEmB,WAAWE,OAAO,GAACF,WAAWC,OAAO,CAAC,WAAW,CAAC;sEAEtH,cAAA,QAACY;gEAAEL,WAAU;0EACVZ,QAAQA,OAAO;;;;;;;;;;;sEAGpB,QAACgB;4DAAKJ,WAAW,CAAC,cAAc,EAAE/C,MAAMc,OAAOqB,SAASf,SAAQmB,WAAWI,OAAO,GAACJ,WAAWK,SAAS,EAAE;;gEACtG,IAAIP,KAAKF,QAAQC,OAAO,EAAEiB,YAAY;gEAAG;gEAAE,IAAIhB,KAAKF,QAAQC,OAAO,EAAEkB,YAAY,GAAGC,KAAK,CAAC,IAAI,CAAC,EAAE;;;;;;;;;;;;;;;;;;;;;;;;;;;;;0CAUlH,QAACP;gCAAQD,WAAU;0CACjB,cAAA,QAACD;oCAAIC,WAAU;;sDACb,QAACS;4CACCC,QAAQ;4CACRC,KAAK;4CACLC,OAAOvD;4CACPwD,UAAU,CAACC,IAAMxD,aAAawD,EAAEC,MAAM,CAACH,KAAK;4CAC5CI,MAAK;4CACLhB,WAAU;;;;;;sDAEZ,QAACiB;4CACCC,SAASjC;4CACT+B,MAAK;4CACLhB,WAAU;sDACX;;;;;;;;;;;;;;;;;;;;;;;kCAOP,QAACmB;wBAAMnB,WAAU;;0CACf,QAACoB;0CAAG;;;;;;4BACH5D,gBACCA,aAAamB,MAAM,GAAG,KACtBnB,aAAa0C,GAAG,CAAC,CAACmB,4BAChB,QAACC;8CAA6BD,YAAYlC,IAAI;mCAArCkC,YAAYhD,MAAM;;;;;;;;;;;;;;;;;;;;;;;AAO3C;GA7LMrB;;QACaF;QAEiCC;;;KAH9CC;AA+LN,eAAeA,gBAAgB,CAE/B,+CAA+C;CAC/C,oBAAoB;CACpB,iDAAiD;CACjD,mCAAmC;CACnC,QAAQ;CAER,iCAAiC;CACjC,qDAAqD;CACrD,QAAQ;CAER,uCAAuC;CACvC,kCAAkC;CAClC,wBAAwB;CACxB,QAAQ;CAER,uDAAuD;CACvD,iDAAiD;CACjD,sCAAsC;CACtC,mDAAmD;CACnD,QAAQ;CACR,OAAO;CAEP,wDAAwD;CACxD,kDAAkD;CAClD,sCAAsC;CACtC,iDAAiD;CACjD,QAAQ;CACR,OAAO;CAEP,gDAAgD;CAChD,kDAAkD;CAElD,mBAAmB;CACnB,0CAA0C;CAC1C,oCAAoC;CACpC,0BAA0B;CAC1B,UAAU;CACV,sCAAsC;CACtC,0DAA0D;CAC1D,UAAU;CAEV,2BAA2B;CAC3B,OAAO;CACP,cAAc"},"_coverageSchema":"1a1c01bbd47fc00a2c39e90264f33305004495a9","hash":"79d05b64f14e7939ea5996e6d05b4e660475384a"},"/Users/zonedelivery/Documents/30-days-mern-stack/client/src/components/RouteProtection.tsx":{"path":"/Users/zonedelivery/Documents/30-days-mern-stack/client/src/components/RouteProtection.tsx","statementMap":{"0":{"start":{"line":1,"column":0},"end":{"line":1,"column":104}},"1":{"start":{"line":1,"column":26},"end":{"line":1,"column":104}},"2":{"start":{"line":2,"column":23},"end":{"line":2,"column":42}},"3":{"start":{"line":3,"column":23},"end":{"line":3,"column":42}},"4":{"start":{"line":4,"column":0},"end":{"line":4,"column":145}},"5":{"start":{"line":5,"column":0},"end":{"line":5,"column":73}},"6":{"start":{"line":10,"column":9},"end":{"line":10,"column":23}},"7":{"start":{"line":13,"column":24},"end":{"line":30,"column":1}},"8":{"start":{"line":14,"column":4},"end":{"line":14,"column":9}},"9":{"start":{"line":15,"column":21},"end":{"line":15,"column":30}},"10":{"start":{"line":16,"column":4},"end":{"line":16,"column":42}},"11":{"start":{"line":17,"column":4},"end":{"line":24,"column":13}},"12":{"start":{"line":17,"column":19},"end":{"line":24,"column":13}},"13":{"start":{"line":25,"column":4},"end":{"line":29,"column":13}},"14":{"start":{"line":31,"column":0},"end":{"line":35,"column":3}},"15":{"start":{"line":32,"column":4},"end":{"line":34,"column":6}},"16":{"start":{"line":36,"column":0},"end":{"line":36,"column":21}},"17":{"start":{"line":39,"column":0},"end":{"line":39,"column":36}},"18":{"start":{"line":42,"column":0},"end":{"line":42,"column":37}},"19":{"start":{"line":43,"column":0},"end":{"line":43,"column":37}},"20":{"start":{"line":45,"column":0},"end":{"line":52,"column":3}},"21":{"start":{"line":46,"column":2},"end":{"line":46,"column":158}},"22":{"start":{"line":47,"column":2},"end":{"line":51,"column":5}},"23":{"start":{"line":48,"column":4},"end":{"line":48,"column":29}},"24":{"start":{"line":48,"column":22},"end":{"line":48,"column":29}},"25":{"start":{"line":49,"column":30},"end":{"line":49,"column":207}},"26":{"start":{"line":50,"column":4},"end":{"line":50,"column":73}},"27":{"start":{"line":50,"column":27},"end":{"line":50,"column":73}}},"fnMap":{"0":{"name":"(anonymous_0)","decl":{"start":{"line":13,"column":24},"end":{"line":13,"column":25}},"loc":{"start":{"line":13,"column":28},"end":{"line":30,"column":1}},"line":13},"1":{"name":"(anonymous_1)","decl":{"start":{"line":31,"column":59},"end":{"line":31,"column":60}},"loc":{"start":{"line":31,"column":70},"end":{"line":35,"column":1}},"line":31},"2":{"name":"(anonymous_2)","decl":{"start":{"line":45,"column":50},"end":{"line":45,"column":51}},"loc":{"start":{"line":45,"column":70},"end":{"line":52,"column":1}},"line":45},"3":{"name":"(anonymous_3)","decl":{"start":{"line":47,"column":25},"end":{"line":47,"column":26}},"loc":{"start":{"line":47,"column":42},"end":{"line":51,"column":3}},"line":47}},"branchMap":{"0":{"loc":{"start":{"line":1,"column":0},"end":{"line":1,"column":104}},"type":"if","locations":[{"start":{"line":1,"column":0},"end":{"line":1,"column":104}},{"start":{},"end":{}}],"line":1},"1":{"loc":{"start":{"line":17,"column":4},"end":{"line":24,"column":13}},"type":"if","locations":[{"start":{"line":17,"column":4},"end":{"line":24,"column":13}},{"start":{},"end":{}}],"line":17},"2":{"loc":{"start":{"line":48,"column":4},"end":{"line":48,"column":29}},"type":"if","locations":[{"start":{"line":48,"column":4},"end":{"line":48,"column":29}},{"start":{},"end":{}}],"line":48},"3":{"loc":{"start":{"line":50,"column":4},"end":{"line":50,"column":73}},"type":"if","locations":[{"start":{"line":50,"column":4},"end":{"line":50,"column":73}},{"start":{},"end":{}}],"line":50}},"s":{"0":1,"1":0,"2":1,"3":1,"4":1,"5":1,"6":1,"7":1,"8":2,"9":2,"10":2,"11":2,"12":0,"13":2,"14":1,"15":1,"16":1,"17":1,"18":1,"19":1,"20":1,"21":1,"22":1,"23":0,"24":0,"25":0,"26":0,"27":0},"f":{"0":2,"1":1,"2":1,"3":0},"b":{"0":[0,1],"1":[0,2],"2":[0,0],"3":[0,0]},"inputSourceMap":{"version":3,"sources":["/Users/zonedelivery/Documents/30-days-mern-stack/client/src/components/RouteProtection.tsx"],"names":["Navigate","Outlet","useUser","RouteProtection","user","console","log","id","to","replace"],"mappings":";;;;;;;;;;AAAA,SAASA,QAAQ,EAAEC,MAAM,QAAQ,eAAe;AAChD,SAASC,OAAO,QAAQ,mBAAmB;AAE3C,MAAMC,kBAA2B;;IAC7B,MAAM,EAACC,IAAI,EAAC,GAAGF;IACfG,QAAQC,GAAG,CAAC,oBAAmBF;IAC/B,IAAG,CAACA,MAAMG,IAAI,qBAAO,QAACP;QAASQ,IAAI;QAAeC,OAAO;;;;;;IACzD,qBAAO,QAACR;;;;;AACZ;GALME;;QACaD;;;KADbC;AAON,eAAeA,gBAAgB"},"_coverageSchema":"1a1c01bbd47fc00a2c39e90264f33305004495a9","hash":"fde66aa629ab0ffa0f0c3c131a76ea3612188baa"},"/Users/zonedelivery/Documents/30-days-mern-stack/client/src/App.tsx":{"path":"/Users/zonedelivery/Documents/30-days-mern-stack/client/src/App.tsx","statementMap":{"0":{"start":{"line":1,"column":0},"end":{"line":1,"column":104}},"1":{"start":{"line":1,"column":26},"end":{"line":1,"column":104}},"2":{"start":{"line":2,"column":23},"end":{"line":2,"column":42}},"3":{"start":{"line":3,"column":23},"end":{"line":3,"column":42}},"4":{"start":{"line":4,"column":0},"end":{"line":4,"column":122}},"5":{"start":{"line":5,"column":0},"end":{"line":5,"column":73}},"6":{"start":{"line":26,"column":4},"end":{"line":219,"column":13}},"7":{"start":{"line":221,"column":0},"end":{"line":221,"column":9}},"8":{"start":{"line":224,"column":0},"end":{"line":224,"column":24}},"9":{"start":{"line":227,"column":0},"end":{"line":227,"column":37}},"10":{"start":{"line":228,"column":0},"end":{"line":228,"column":37}},"11":{"start":{"line":230,"column":0},"end":{"line":237,"column":3}},"12":{"start":{"line":231,"column":2},"end":{"line":231,"column":135}},"13":{"start":{"line":232,"column":2},"end":{"line":236,"column":5}},"14":{"start":{"line":233,"column":4},"end":{"line":233,"column":29}},"15":{"start":{"line":233,"column":22},"end":{"line":233,"column":29}},"16":{"start":{"line":234,"column":30},"end":{"line":234,"column":184}},"17":{"start":{"line":235,"column":4},"end":{"line":235,"column":73}},"18":{"start":{"line":235,"column":27},"end":{"line":235,"column":73}}},"fnMap":{"0":{"name":"App","decl":{"start":{"line":25,"column":9},"end":{"line":25,"column":12}},"loc":{"start":{"line":25,"column":15},"end":{"line":220,"column":1}},"line":25},"1":{"name":"(anonymous_1)","decl":{"start":{"line":230,"column":50},"end":{"line":230,"column":51}},"loc":{"start":{"line":230,"column":70},"end":{"line":237,"column":1}},"line":230},"2":{"name":"(anonymous_2)","decl":{"start":{"line":232,"column":25},"end":{"line":232,"column":26}},"loc":{"start":{"line":232,"column":42},"end":{"line":236,"column":3}},"line":232}},"branchMap":{"0":{"loc":{"start":{"line":1,"column":0},"end":{"line":1,"column":104}},"type":"if","locations":[{"start":{"line":1,"column":0},"end":{"line":1,"column":104}},{"start":{},"end":{}}],"line":1},"1":{"loc":{"start":{"line":233,"column":4},"end":{"line":233,"column":29}},"type":"if","locations":[{"start":{"line":233,"column":4},"end":{"line":233,"column":29}},{"start":{},"end":{}}],"line":233},"2":{"loc":{"start":{"line":235,"column":4},"end":{"line":235,"column":73}},"type":"if","locations":[{"start":{"line":235,"column":4},"end":{"line":235,"column":73}},{"start":{},"end":{}}],"line":235}},"s":{"0":1,"1":0,"2":1,"3":1,"4":1,"5":1,"6":2,"7":1,"8":1,"9":1,"10":1,"11":1,"12":1,"13":1,"14":0,"15":0,"16":0,"17":0,"18":0},"f":{"0":2,"1":1,"2":0},"b":{"0":[0,1],"1":[0,0],"2":[0,0]},"inputSourceMap":{"version":3,"sources":["/Users/zonedelivery/Documents/30-days-mern-stack/client/src/App.tsx"],"names":["Routes","Route","ErrorPage","HomePage","RootLayout","LoginPage","SignupPage","ProfilePage","UserProvider","ChangePassPage","ForgotPasswordPage","NewPassPage","PrivateChatPage","SocketProvider","RouteProtection","App","element","path","index"],"mappings":";;;;;;;;;AAAA,SAAUA,MAAM,EAAEC,KAAK,QAAQ,eAAe;AAC9C,OAAO,YAAY;AACnB,OAAOC,eAAe,kBAAkB;AACxC,OAAOC,cAAc,mBAAmB;AACxC,OAAOC,gBAAgB,sBAAsB;AAC7C,OAAOC,eAAe,yBAAyB;AAC/C,OAAOC,gBAAgB,0BAA0B;AACjD,OAAOC,iBAAiB,sBAAsB;AAC9C,SAASC,YAAY,QAAQ,wBAAwB;AACrD,OAAOC,oBAAoB,qCAAqC;AAChE,OAAOC,wBAAwB,8BAA8B;AAC7D,OAAOC,iBAAiB,0CAA0C;AAClE,OAAOC,qBAAqB,uBAAuB;AACnD,SAASC,cAAc,QAAQ,0BAA0B;AACzD,OAAOC,qBAAqB,+BAA+B;AAE3D,SAASC;IACP,qBACE,QAACP;kBACG,cAAA,QAACR;sBACC,cAAA,QAACC;gBAAMe,uBAAS,QAACZ;;;;;;kCACf,QAACH;wBAAMgB,MAAK;;0CACV,QAAChB;gCAAMgB,MAAK;gCAAQD,uBAAS,QAACX;;;;;;;;;;0CAC9B,QAACJ;gCAAMgB,MAAK;gCAASD,uBAAS,QAACV;;;;;;;;;;0CAC/B,QAACL;gCAAMgB,MAAK;gCAAiBD,uBAAS,QAACN;;;;;;;;;;0CACvC,QAACT;gCAAMe,uBAAS,QAACF;;;;;0CACf,cAAA,QAACb;oCAAMgB,MAAK;oCAAcD,uBAAS,QAACL;;;;;;;;;;;;;;;;;;;;;kCAGxC,QAACV;wBAAMe,uBAAS,QAACF;;;;;;0CACf,QAACb;gCAAMiB,KAAK;gCAACF,uBACX,QAACH;8CACD,cAAA,QAACV;;;;;;;;;;;;;;;0CAGH,QAACF;gCAAMgB,MAAK;0CACV,cAAA,QAAChB;oCACCgB,MAAK;oCACLD,uBACE,QAACH;kDACC,cAAA,QAACD;;;;;;;;;;;;;;;;;;;;0CAKT,QAACX;gCAAMgB,MAAK;;kDACV,QAAChB;wCAAMiB,KAAK;wCAACF,uBAAS,QAACT;;;;;;;;;;kDACvB,QAACN;wCAAMgB,MAAK;wCAAaD,uBAAS,QAACP;;;;;;;;;;;;;;;;;;;;;;kCAGvC,QAACR;wBAAMgB,MAAK;wBAAID,uBAAS,QAACd;;;;;;;;;;;;;;;;;;;;;;;;;;AAKtC;KAvCSa;AAyCT,eAAeA,IAAI"},"_coverageSchema":"1a1c01bbd47fc00a2c39e90264f33305004495a9","hash":"b93a7ac52630d76614a20b21c7e6207d1e6e2316"},"/Users/zonedelivery/Documents/30-days-mern-stack/client/src/lib/i18n.ts":{"path":"/Users/zonedelivery/Documents/30-days-mern-stack/client/src/lib/i18n.ts","statementMap":{"0":{"start":{"line":6,"column":0},"end":{"line":10,"column":3}}},"fnMap":{},"branchMap":{},"s":{"0":1},"f":{},"b":{},"inputSourceMap":{"version":3,"sources":["/Users/zonedelivery/Documents/30-days-mern-stack/client/src/lib/i18n.ts"],"names":["i18n","initReactI18next","Backend","LanguageDetector","use","init","fallbackLng","debug","interpolation"],"mappings":"AAAA,+DAA+D;AAC/D,OAAOA,UAAU,UAAU;AAC3B,SAAQC,gBAAgB,QAAO,gBAAgB;AAE/C,OAAOC,aAAa,uBAAuB;AAC3C,OAAOC,sBAAsB,mCAAmC;AAGhEH,KAAKI,GAAG,CAACF,SAASE,GAAG,CAACD,kBAAkBC,GAAG,CAACH,kBAAkBI,IAAI,CAAC;IAC/DC,aAAc;IACdC,OAAM;IACNC,eAAe,CAAC;AACpB;AAEA,eAAeR,KAAK"},"_coverageSchema":"1a1c01bbd47fc00a2c39e90264f33305004495a9","hash":"84fdf84ef28420ffd66df02efcb9c77f82dba20a"},"/Users/zonedelivery/Documents/30-days-mern-stack/client/src/components/LoadingBar.tsx":{"path":"/Users/zonedelivery/Documents/30-days-mern-stack/client/src/components/LoadingBar.tsx","statementMap":{"0":{"start":{"line":1,"column":0},"end":{"line":1,"column":104}},"1":{"start":{"line":1,"column":26},"end":{"line":1,"column":104}},"2":{"start":{"line":2,"column":23},"end":{"line":2,"column":42}},"3":{"start":{"line":3,"column":23},"end":{"line":3,"column":42}},"4":{"start":{"line":4,"column":0},"end":{"line":4,"column":140}},"5":{"start":{"line":5,"column":0},"end":{"line":5,"column":73}},"6":{"start":{"line":9,"column":9},"end":{"line":9,"column":23}},"7":{"start":{"line":16,"column":0},"end":{"line":21,"column":3}},"8":{"start":{"line":22,"column":19},"end":{"line":50,"column":1}},"9":{"start":{"line":23,"column":4},"end":{"line":23,"column":9}},"10":{"start":{"line":24,"column":27},"end":{"line":24,"column":46}},"11":{"start":{"line":25,"column":21},"end":{"line":25,"column":34}},"12":{"start":{"line":26,"column":23},"end":{"line":26,"column":38}},"13":{"start":{"line":27,"column":23},"end":{"line":27,"column":38}},"14":{"start":{"line":29,"column":4},"end":{"line":37,"column":7}},"15":{"start":{"line":30,"column":8},"end":{"line":30,"column":26}},"16":{"start":{"line":31,"column":8},"end":{"line":33,"column":10}},"17":{"start":{"line":32,"column":12},"end":{"line":32,"column":29}},"18":{"start":{"line":38,"column":4},"end":{"line":47,"column":7}},"19":{"start":{"line":39,"column":8},"end":{"line":43,"column":9}},"20":{"start":{"line":40,"column":12},"end":{"line":40,"column":30}},"21":{"start":{"line":42,"column":12},"end":{"line":42,"column":29}},"22":{"start":{"line":49,"column":4},"end":{"line":49,"column":16}},"23":{"start":{"line":51,"column":0},"end":{"line":58,"column":3}},"24":{"start":{"line":52,"column":4},"end":{"line":57,"column":6}},"25":{"start":{"line":59,"column":0},"end":{"line":59,"column":16}},"26":{"start":{"line":62,"column":0},"end":{"line":62,"column":31}},"27":{"start":{"line":65,"column":0},"end":{"line":65,"column":37}},"28":{"start":{"line":66,"column":0},"end":{"line":66,"column":37}},"29":{"start":{"line":68,"column":0},"end":{"line":75,"column":3}},"30":{"start":{"line":69,"column":2},"end":{"line":69,"column":153}},"31":{"start":{"line":70,"column":2},"end":{"line":74,"column":5}},"32":{"start":{"line":71,"column":4},"end":{"line":71,"column":29}},"33":{"start":{"line":71,"column":22},"end":{"line":71,"column":29}},"34":{"start":{"line":72,"column":30},"end":{"line":72,"column":202}},"35":{"start":{"line":73,"column":4},"end":{"line":73,"column":73}},"36":{"start":{"line":73,"column":27},"end":{"line":73,"column":73}}},"fnMap":{"0":{"name":"(anonymous_0)","decl":{"start":{"line":22,"column":19},"end":{"line":22,"column":20}},"loc":{"start":{"line":22,"column":23},"end":{"line":50,"column":1}},"line":22},"1":{"name":"(anonymous_1)","decl":{"start":{"line":29,"column":14},"end":{"line":29,"column":15}},"loc":{"start":{"line":29,"column":18},"end":{"line":34,"column":5}},"line":29},"2":{"name":"(anonymous_2)","decl":{"start":{"line":31,"column":15},"end":{"line":31,"column":16}},"loc":{"start":{"line":31,"column":19},"end":{"line":33,"column":9}},"line":31},"3":{"name":"(anonymous_3)","decl":{"start":{"line":38,"column":14},"end":{"line":38,"column":15}},"loc":{"start":{"line":38,"column":18},"end":{"line":44,"column":5}},"line":38},"4":{"name":"(anonymous_4)","decl":{"start":{"line":51,"column":54},"end":{"line":51,"column":55}},"loc":{"start":{"line":51,"column":65},"end":{"line":58,"column":1}},"line":51},"5":{"name":"(anonymous_5)","decl":{"start":{"line":68,"column":50},"end":{"line":68,"column":51}},"loc":{"start":{"line":68,"column":70},"end":{"line":75,"column":1}},"line":68},"6":{"name":"(anonymous_6)","decl":{"start":{"line":70,"column":25},"end":{"line":70,"column":26}},"loc":{"start":{"line":70,"column":42},"end":{"line":74,"column":3}},"line":70}},"branchMap":{"0":{"loc":{"start":{"line":1,"column":0},"end":{"line":1,"column":104}},"type":"if","locations":[{"start":{"line":1,"column":0},"end":{"line":1,"column":104}},{"start":{},"end":{}}],"line":1},"1":{"loc":{"start":{"line":39,"column":8},"end":{"line":43,"column":9}},"type":"if","locations":[{"start":{"line":39,"column":8},"end":{"line":43,"column":9}},{"start":{"line":41,"column":15},"end":{"line":43,"column":9}}],"line":39},"2":{"loc":{"start":{"line":39,"column":12},"end":{"line":39,"column":36}},"type":"binary-expr","locations":[{"start":{"line":39,"column":12},"end":{"line":39,"column":22}},{"start":{"line":39,"column":26},"end":{"line":39,"column":36}}],"line":39},"3":{"loc":{"start":{"line":71,"column":4},"end":{"line":71,"column":29}},"type":"if","locations":[{"start":{"line":71,"column":4},"end":{"line":71,"column":29}},{"start":{},"end":{}}],"line":71},"4":{"loc":{"start":{"line":73,"column":4},"end":{"line":73,"column":73}},"type":"if","locations":[{"start":{"line":73,"column":4},"end":{"line":73,"column":73}},{"start":{},"end":{}}],"line":73}},"s":{"0":1,"1":0,"2":1,"3":1,"4":1,"5":1,"6":1,"7":1,"8":1,"9":6,"10":6,"11":6,"12":6,"13":6,"14":6,"15":3,"16":3,"17":2,"18":6,"19":2,"20":0,"21":2,"22":6,"23":1,"24":1,"25":1,"26":1,"27":1,"28":1,"29":1,"30":1,"31":1,"32":0,"33":0,"34":0,"35":0,"36":0},"f":{"0":6,"1":3,"2":2,"3":2,"4":1,"5":1,"6":0},"b":{"0":[0,1],"1":[0,2],"2":[2,2],"3":[0,0],"4":[0,0]},"inputSourceMap":{"version":3,"sources":["/Users/zonedelivery/Documents/30-days-mern-stack/client/src/components/LoadingBar.tsx"],"names":["useEffect","NProgress","useNavigationType","useLocation","useIsFetching","useIsMutating","configure","showSpinner","minimum","easing","speed","LoadingBar","navigationType","location","isFetching","isMutating","start","done","pathname"],"mappings":";;;;;;;;;AAAA,SAASA,SAAS,QAAQ,QAAQ;AAClC,OAAQC,eAAgB,YAAY;AACpC,OAAO,0BAA0B;AACjC,SAASC,iBAAiB,EAAEC,WAAW,QAAQ,eAAe;AAC9D,SAASC,aAAa,EAAEC,aAAa,QAAQ,wBAAwB;AAErE,uBAAuB;AACvBJ,UAAUK,SAAS,CAAC;IAChBC,aAAa;IACbC,SAAS;IACTC,QAAQ;IACRC,OAAO;AACX;AAEA,MAAMC,aAAa;;IACf,MAAMC,iBAAiBV;IACvB,MAAMW,WAAWV;IACjB,MAAMW,aAAaV;IACnB,MAAMW,aAAaV;IAEnB,2BAA2B;IAC3BL,UAAU;QACNC,UAAUe,KAAK;QAEf,OAAO;YACHf,UAAUgB,IAAI;QAClB;IACJ,GAAE;QAACL;QAAgBC,SAASK,QAAQ;KAAC;IAErClB,UAAU;QACN,IAAGc,cAAcC,YAAY;YACzBd,UAAUe,KAAK;QACnB,OAAO;YACHf,UAAUgB,IAAI;QAClB;IACJ,GAAE;QAACH;QAAWC;KAAW;IAEzB,+CAA+C;IAC/C,OAAO;AACX;GAzBMJ;;QACqBT;QACNC;QACEC;QACAC;;;KAJjBM;AA2BN,eAAeA,WAAW"},"_coverageSchema":"1a1c01bbd47fc00a2c39e90264f33305004495a9","hash":"6c3e1f728b7e29292c50d07a537d8b63786dd58c"},"/Users/zonedelivery/Documents/30-days-mern-stack/client/src/entry-client.tsx":{"path":"/Users/zonedelivery/Documents/30-days-mern-stack/client/src/entry-client.tsx","statementMap":{"0":{"start":{"line":10,"column":20},"end":{"line":10,"column":37}},"1":{"start":{"line":11,"column":0},"end":{"line":13,"column":1}},"2":{"start":{"line":12,"column":4},"end":{"line":12,"column":55}},"3":{"start":{"line":14,"column":0},"end":{"line":51,"column":10}}},"fnMap":{},"branchMap":{"0":{"loc":{"start":{"line":11,"column":0},"end":{"line":13,"column":1}},"type":"if","locations":[{"start":{"line":11,"column":0},"end":{"line":13,"column":1}},{"start":{},"end":{}}],"line":11}},"s":{"0":1,"1":1,"2":0,"3":1},"f":{},"b":{"0":[0,1]},"inputSourceMap":{"version":3,"sources":["/Users/zonedelivery/Documents/30-days-mern-stack/client/src/entry-client.tsx"],"names":["StrictMode","Suspense","hydrateRoot","BrowserRouter","QueryClient","QueryClientProvider","hydrate","App","LoadingBar","queryClient","window","__REACT_QUERY_STATE__","document","getElementById","client","fallback"],"mappings":";AAAA,SAASA,UAAU,EAAEC,QAAQ,QAAQ,QAAQ;AAC7C,SAASC,WAAW,QAAQ,mBAAmB;AAC/C,SAASC,aAAa,QAAQ,mBAAmB;AACjD,SAASC,WAAW,EAAEC,mBAAmB,EAACC,OAAO,QAAQ,wBAAwB;AACjF,OAAO,cAAc;AACrB,OAAOC,SAAS,QAAQ;AACxB,OAAO,gBAAgB;AACvB,OAAOC,gBAAgB,8BAA8B;AAQrD,MAAMC,cAAc,IAAIL;AAExB,IAAIM,OAAOC,qBAAqB,EAAE;IAChCL,QAAQG,aAAaC,OAAOC,qBAAqB;AACnD;AAEAT,YACEU,SAASC,cAAc,CAAC,uBACxB,QAACb;cACC,cAAA,QAACK;QAAoBS,QAAQL;kBAC3B,cAAA,QAACN;;8BACD,QAACK;;;;;8BACC,QAACP;oBAASc,UAAS;8BACjB,cAAA,QAACR"},"_coverageSchema":"1a1c01bbd47fc00a2c39e90264f33305004495a9","hash":"318b12438bde4b83f0593efcadb933dd595b6720"}}