TN:
SF:src/App.tsx
FN:17,App
FNF:1
FNH:1
FNDA:2,App
DA:17,1
LF:1
LH:1
BRF:0
BRH:0
end_of_record
TN:
SF:src/entry-client.tsx
FNF:0
FNH:0
DA:16,1
DA:18,1
DA:19,0
LF:3
LH:2
BRDA:18,0,0,0
BRF:1
BRH:0
end_of_record
TN:
SF:src/components/Button.tsx
FN:6,(anonymous_0)
FNF:1
FNH:1
FNDA:14,(anonymous_0)
DA:6,1
LF:1
LH:1
BRF:0
BRH:0
end_of_record
TN:
SF:src/components/FormField.tsx
FN:3,(anonymous_0)
FNF:1
FNH:1
FNDA:18,(anonymous_0)
DA:3,1
LF:1
LH:1
BRDA:19,0,0,0
BRDA:19,0,1,18
BRDA:21,1,0,18
BRF:3
BRH:2
end_of_record
TN:
SF:src/components/Header.tsx
FN:4,(anonymous_0)
FNF:1
FNH:1
FNDA:4,(anonymous_0)
DA:4,1
DA:5,4
LF:2
LH:2
BRDA:12,0,0,4
BRDA:15,1,0,4
BRF:2
BRH:2
end_of_record
TN:
SF:src/components/LoadingBar.tsx
FN:15,(anonymous_0)
FN:22,(anonymous_1)
FN:25,(anonymous_2)
FN:30,(anonymous_3)
FNF:4
FNH:4
FNDA:6,(anonymous_0)
FNDA:3,(anonymous_1)
FNDA:2,(anonymous_2)
FNDA:2,(anonymous_3)
DA:8,1
DA:15,1
DA:16,6
DA:17,6
DA:18,6
DA:19,6
DA:22,6
DA:23,3
DA:25,3
DA:26,2
DA:30,6
DA:31,2
DA:32,0
DA:34,2
DA:39,6
LF:15
LH:14
BRDA:31,0,0,0
BRDA:31,0,1,2
BRDA:31,1,0,2
BRDA:31,1,1,2
BRF:4
BRH:3
end_of_record
TN:
SF:src/components/RouteProtection.tsx
FN:4,(anonymous_0)
FNF:1
FNH:1
FNDA:2,(anonymous_0)
DA:4,1
DA:5,2
DA:6,2
LF:3
LH:3
BRF:0
BRH:0
end_of_record
TN:
SF:src/components/SectionCard.tsx
FN:5,(anonymous_0)
FNF:1
FNH:1
FNDA:8,(anonymous_0)
DA:5,1
LF:1
LH:1
BRF:0
BRH:0
end_of_record
TN:
SF:src/context/socketContext.tsx
FN:14,(anonymous_0)
FN:19,(anonymous_1)
FN:28,(anonymous_2)
FN:33,(anonymous_3)
FN:39,(anonymous_4)
FN:45,(anonymous_5)
FNF:6
FNH:3
FNDA:2,(anonymous_0)
FNDA:2,(anonymous_1)
FNDA:0,(anonymous_2)
FNDA:0,(anonymous_3)
FNDA:1,(anonymous_4)
FNDA:0,(anonymous_5)
DA:4,1
DA:12,1
DA:14,2
DA:15,2
DA:16,2
DA:17,2
DA:19,2
DA:20,2
DA:21,1
DA:23,1
DA:28,1
DA:29,0
DA:30,0
DA:33,1
DA:34,0
DA:35,0
DA:39,2
DA:45,2
DA:46,0
DA:47,0
DA:48,0
DA:49,0
DA:50,0
LF:23
LH:14
BRDA:20,0,0,1
BRDA:46,1,0,0
BRF:2
BRH:1
end_of_record
TN:
SF:src/context/userContext.tsx
FN:24,(anonymous_0)
FN:25,(anonymous_1)
FN:33,(anonymous_2)
FNF:3
FNH:2
FNDA:4,(anonymous_0)
FNDA:2,(anonymous_1)
FNDA:0,(anonymous_2)
DA:22,1
DA:24,2
DA:25,4
DA:26,2
DA:27,2
DA:28,2
DA:29,2
DA:33,4
DA:34,0
DA:35,0
DA:36,0
DA:37,0
LF:12
LH:8
BRDA:29,0,0,0
BRDA:29,0,1,2
BRDA:29,1,0,2
BRDA:29,1,1,0
BRDA:29,1,2,0
BRF:5
BRH:2
end_of_record
TN:
SF:src/hooks/useSocket.ts
FN:3,(anonymous_0)
FNF:1
FNH:1
FNDA:2,(anonymous_0)
DA:3,1
DA:4,2
DA:5,2
DA:6,2
LF:4
LH:4
BRDA:5,0,0,0
BRF:1
BRH:0
end_of_record
TN:
SF:src/hooks/useUser.ts
FN:4,(anonymous_0)
FNF:1
FNH:1
FNDA:14,(anonymous_0)
DA:4,1
DA:5,14
DA:6,14
DA:8,14
LF:4
LH:4
BRDA:6,0,0,0
BRF:1
BRH:0
end_of_record
TN:
SF:src/layout/RootLayout.tsx
FN:4,(anonymous_0)
FNF:1
FNH:1
FNDA:2,(anonymous_0)
DA:4,1
LF:1
LH:1
BRF:0
BRH:0
end_of_record
TN:
SF:src/lib/i18n.ts
FNF:0
FNH:0
DA:9,1
LF:1
LH:1
BRF:0
BRH:0
end_of_record
TN:
SF:src/pages/404Page/index.tsx
FN:3,(anonymous_0)
FNF:1
FNH:0
FNDA:0,(anonymous_0)
DA:3,1
LF:1
LH:1
BRF:0
BRH:0
end_of_record
TN:
SF:src/pages/HomePage/index.tsx
FN:11,(anonymous_0)
FN:31,(anonymous_1)
FN:42,(anonymous_2)
FN:53,(anonymous_3)
FN:58,(anonymous_4)
FN:63,(anonymous_5)
FN:68,(anonymous_6)
FN:73,(anonymous_7)
FN:83,(anonymous_8)
FN:86,(anonymous_9)
FN:91,(anonymous_10)
FN:95,(anonymous_11)
FN:146,(anonymous_12)
FN:152,(anonymous_13)
FN:159,(anonymous_14)
FN:222,(anonymous_17)
FN:235,(anonymous_18)
FNF:17
FNH:6
FNDA:2,(anonymous_0)
FNDA:0,(anonymous_1)
FNDA:2,(anonymous_2)
FNDA:0,(anonymous_3)
FNDA:2,(anonymous_4)
FNDA:2,(anonymous_5)
FNDA:2,(anonymous_6)
FNDA:2,(anonymous_7)
FNDA:0,(anonymous_8)
FNDA:0,(anonymous_9)
FNDA:0,(anonymous_10)
FNDA:0,(anonymous_11)
FNDA:0,(anonymous_12)
FNDA:0,(anonymous_13)
FNDA:0,(anonymous_14)
FNDA:0,(anonymous_17)
FNDA:0,(anonymous_18)
DA:11,1
DA:12,2
DA:13,2
DA:14,2
DA:15,2
DA:16,2
DA:23,2
DA:24,2
DA:26,2
DA:27,2
DA:28,2
DA:29,2
DA:31,2
DA:32,0
DA:33,0
DA:34,0
DA:37,0
DA:38,0
DA:42,2
DA:43,2
DA:44,2
DA:47,2
DA:48,0
DA:52,2
DA:53,2
DA:54,0
DA:55,0
DA:58,2
DA:59,2
DA:60,2
DA:63,2
DA:64,2
DA:68,2
DA:69,2
DA:73,2
DA:74,2
DA:75,0
DA:76,0
DA:77,0
DA:78,0
DA:83,2
DA:84,0
DA:85,0
DA:86,0
DA:89,0
DA:90,0
DA:91,0
DA:95,2
DA:96,0
DA:97,0
DA:98,0
DA:101,0
DA:102,0
DA:146,0
DA:152,0
DA:159,0
DA:222,0
DA:235,0
LF:58
LH:30
BRDA:33,0,0,0
BRDA:37,1,0,0
BRDA:43,2,0,2
BRDA:47,3,0,0
BRDA:54,4,0,0
BRDA:55,5,0,0
BRDA:69,6,0,2
BRDA:74,7,0,0
BRDA:74,8,0,2
BRDA:74,8,1,0
BRDA:84,9,0,0
BRDA:86,10,0,0
BRDA:89,11,0,0
BRDA:91,12,0,0
BRDA:96,13,0,0
BRDA:101,14,0,0
BRDA:128,15,0,2
BRDA:130,16,0,2
BRDA:130,16,1,2
BRDA:131,17,0,2
BRDA:131,17,1,0
BRDA:171,18,0,2
BRDA:171,18,1,0
BRDA:189,19,0,2
BRDA:189,20,0,2
BRDA:189,20,1,0
BRDA:197,21,0,2
BRDA:197,21,1,0
BRDA:226,22,0,2
BRDA:226,22,1,0
BRDA:239,23,0,2
BRDA:239,23,1,0
BRDA:250,24,0,2
BRF:33
BRH:14
end_of_record
TN:
SF:src/pages/HomePage/components/Form.tsx
FN:9,(anonymous_0)
FN:19,(anonymous_1)
FNF:2
FNH:1
FNDA:2,(anonymous_0)
FNDA:0,(anonymous_1)
DA:9,1
DA:15,2
DA:19,2
DA:20,0
DA:21,0
DA:22,0
DA:31,0
DA:32,0
DA:33,0
DA:34,0
DA:36,0
DA:37,0
LF:12
LH:3
BRDA:32,0,0,0
BRF:1
BRH:0
end_of_record
TN:
SF:src/pages/ProfilePage/index.tsx
FN:19,(anonymous_0)
FN:39,(anonymous_1)
FN:44,(anonymous_2)
FN:45,(anonymous_3)
FN:48,(anonymous_4)
FN:52,(anonymous_5)
FN:65,(anonymous_6)
FN:91,(anonymous_7)
FN:116,(anonymous_8)
FN:176,(anonymous_9)
FN:180,(anonymous_10)
FN:193,(anonymous_11)
FNF:12
FNH:0
FNDA:0,(anonymous_0)
FNDA:0,(anonymous_1)
FNDA:0,(anonymous_2)
FNDA:0,(anonymous_3)
FNDA:0,(anonymous_4)
FNDA:0,(anonymous_5)
FNDA:0,(anonymous_6)
FNDA:0,(anonymous_7)
FNDA:0,(anonymous_8)
FNDA:0,(anonymous_9)
FNDA:0,(anonymous_10)
FNDA:0,(anonymous_11)
DA:19,1
DA:20,0
DA:21,0
DA:22,0
DA:23,0
DA:32,0
DA:37,0
DA:39,0
DA:40,0
DA:41,0
DA:44,0
DA:45,0
DA:48,0
DA:49,0
DA:52,0
DA:53,0
DA:55,0
DA:56,0
DA:57,0
DA:58,0
DA:59,0
DA:60,0
DA:65,0
DA:66,0
DA:67,0
DA:68,0
DA:69,0
DA:70,0
DA:71,0
DA:79,0
DA:80,0
DA:81,0
DA:82,0
DA:83,0
DA:84,0
DA:86,0
DA:87,0
DA:91,0
DA:92,0
DA:93,0
DA:96,0
DA:105,0
DA:106,0
DA:107,0
DA:108,0
DA:109,0
DA:110,0
DA:112,0
DA:113,0
DA:116,0
DA:117,0
DA:118,0
DA:119,0
DA:120,0
DA:176,0
DA:180,0
DA:194,0
DA:195,0
LF:58
LH:1
BRDA:24,0,0,0
BRDA:24,0,1,0
BRDA:34,1,0,0
BRDA:34,1,1,0
BRDA:53,2,0,0
BRDA:55,3,0,0
BRDA:56,4,0,0
BRDA:60,5,0,0
BRDA:82,6,0,0
BRDA:107,7,0,0
BRDA:118,8,0,0
BRDA:126,9,0,0
BRDA:126,9,1,0
BRDA:186,10,0,0
BRDA:186,10,1,0
BRDA:222,11,0,0
BRDA:226,12,0,0
BRF:17
BRH:0
end_of_record
TN:
SF:src/pages/ProfilePage/ChangePassPage/index.tsx
FN:15,(anonymous_0)
FN:25,(anonymous_1)
FN:60,(anonymous_2)
FN:86,(anonymous_3)
FNF:4
FNH:0
FNDA:0,(anonymous_0)
FNDA:0,(anonymous_1)
FNDA:0,(anonymous_2)
FNDA:0,(anonymous_3)
DA:15,1
DA:17,0
DA:18,0
DA:20,0
DA:25,0
DA:26,0
DA:27,0
DA:28,0
DA:29,0
DA:30,0
DA:39,0
DA:40,0
DA:41,0
DA:42,0
DA:43,0
DA:48,0
DA:49,0
DA:50,0
DA:51,0
DA:52,0
DA:54,0
DA:55,0
DA:60,0
DA:61,0
DA:62,0
DA:63,0
DA:64,0
DA:65,0
DA:73,0
DA:74,0
DA:75,0
DA:76,0
DA:77,0
DA:78,0
DA:79,0
DA:81,0
DA:82,0
DA:86,0
DA:87,0
LF:39
LH:1
BRDA:15,0,0,0
BRDA:21,1,0,0
BRDA:21,1,1,0
BRDA:28,2,0,0
BRDA:42,3,0,0
BRDA:76,4,0,0
BRDA:91,5,0,0
BRDA:91,5,1,0
BRDA:94,6,0,0
BRDA:94,6,1,0
BRDA:96,7,0,0
BRDA:121,8,0,0
BRF:12
BRH:0
end_of_record
TN:
SF:src/pages/auth/ForgotPassPage/index.tsx
FN:10,(anonymous_0)
FN:22,(anonymous_1)
FN:55,(anonymous_2)
FNF:3
FNH:0
FNDA:0,(anonymous_0)
FNDA:0,(anonymous_1)
FNDA:0,(anonymous_2)
DA:10,1
DA:11,0
DA:18,0
DA:22,0
DA:23,0
DA:24,0
DA:25,0
DA:32,0
DA:33,0
DA:34,0
DA:35,0
DA:36,0
DA:37,0
DA:39,0
DA:40,0
DA:55,0
LF:16
LH:1
BRDA:35,0,0,0
BRF:1
BRH:0
end_of_record
TN:
SF:src/pages/auth/ForgotPassPage/NewPassPage/index.tsx
FN:6,(anonymous_0)
FN:10,(anonymous_1)
FNF:2
FNH:0
FNDA:0,(anonymous_0)
FNDA:0,(anonymous_1)
DA:6,1
DA:7,0
DA:8,0
DA:10,0
DA:11,0
DA:12,0
DA:13,0
LF:7
LH:1
BRDA:12,0,0,0
BRDA:21,1,0,0
BRF:2
BRH:0
end_of_record
TN:
SF:src/pages/auth/LoginPage/index.tsx
FN:4,(anonymous_0)
FNF:1
FNH:1
FNDA:2,(anonymous_0)
DA:4,1
LF:1
LH:1
BRF:0
BRH:0
end_of_record
TN:
SF:src/pages/auth/LoginPage/Components/LoginForm.tsx
FN:11,(anonymous_0)
FN:23,(anonymous_1)
FNF:2
FNH:2
FNDA:6,(anonymous_0)
FNDA:1,(anonymous_1)
DA:11,1
DA:12,6
DA:13,6
DA:19,6
DA:23,6
DA:24,1
DA:25,1
DA:26,1
DA:27,1
DA:34,1
DA:36,1
DA:38,1
DA:39,1
DA:40,1
DA:41,1
DA:42,1
DA:47,1
DA:48,1
DA:49,1
DA:51,0
DA:52,0
LF:21
LH:19
BRDA:36,0,0,0
BRF:1
BRH:0
end_of_record
TN:
SF:src/pages/auth/SignupPage/index.tsx
FN:4,(anonymous_0)
FNF:1
FNH:0
FNDA:0,(anonymous_0)
DA:4,1
LF:1
LH:1
BRF:0
BRH:0
end_of_record
TN:
SF:src/pages/auth/SignupPage/Components/SingupForm.tsx
FN:8,(anonymous_0)
FN:18,(anonymous_1)
FNF:2
FNH:0
FNDA:0,(anonymous_0)
FNDA:0,(anonymous_1)
DA:8,1
DA:9,0
DA:15,0
DA:18,0
DA:19,0
DA:20,0
DA:21,0
DA:24,0
DA:32,0
DA:33,0
DA:34,0
DA:35,0
DA:36,0
DA:38,0
DA:39,0
LF:15
LH:1
BRDA:33,0,0,0
BRF:1
BRH:0
end_of_record
TN:
SF:src/pages/chat/private/index.tsx
FN:18,(anonymous_0)
FN:30,(anonymous_1)
FN:48,(anonymous_2)
FN:59,(anonymous_3)
FN:66,(anonymous_4)
FN:73,(anonymous_5)
FN:87,(anonymous_6)
FN:96,(anonymous_7)
FN:103,(anonymous_8)
FN:114,(anonymous_9)
FN:180,(anonymous_11)
FNF:11
FNH:0
FNDA:0,(anonymous_0)
FNDA:0,(anonymous_1)
FNDA:0,(anonymous_2)
FNDA:0,(anonymous_3)
FNDA:0,(anonymous_4)
FNDA:0,(anonymous_5)
FNDA:0,(anonymous_6)
FNDA:0,(anonymous_7)
FNDA:0,(anonymous_8)
FNDA:0,(anonymous_9)
FNDA:0,(anonymous_11)
DA:18,1
DA:19,0
DA:21,0
DA:22,0
DA:23,0
DA:24,0
DA:25,0
DA:30,0
DA:32,0
DA:33,0
DA:34,0
DA:36,0
DA:37,0
DA:39,0
DA:48,0
DA:53,0
DA:54,0
DA:55,0
DA:59,0
DA:60,0
DA:61,0
DA:62,0
DA:66,0
DA:69,0
DA:70,0
DA:73,0
DA:74,0
DA:75,0
DA:76,0
DA:81,0
DA:82,0
DA:83,0
DA:84,0
DA:87,0
DA:88,0
DA:90,0
DA:97,0
DA:102,0
DA:103,0
DA:104,0
DA:106,0
DA:107,0
DA:114,0
DA:115,0
DA:116,0
DA:125,0
DA:128,0
DA:180,0
LF:48
LH:1
BRDA:32,0,0,0
BRDA:32,1,0,0
BRDA:32,1,1,0
BRDA:32,1,2,0
BRDA:36,2,0,0
BRDA:36,3,0,0
BRDA:36,3,1,0
BRDA:54,4,0,0
BRDA:61,5,0,0
BRDA:61,6,0,0
BRDA:61,6,1,0
BRDA:75,7,0,0
BRDA:88,8,0,0
BRDA:146,9,0,0
BRDA:146,9,1,0
BRDA:151,10,0,0
BRDA:151,10,1,0
BRDA:157,11,0,0
BRDA:157,11,1,0
BRDA:163,12,0,0
BRDA:163,12,1,0
BRDA:197,13,0,0
BRDA:197,13,1,0
BRF:23
BRH:0
end_of_record
TN:
SF:src/services-url/users.ts
FN:4,(anonymous_0)
FN:5,(anonymous_1)
FN:6,(anonymous_2)
FN:9,(anonymous_3)
FNF:4
FNH:0
FNDA:0,(anonymous_0)
FNDA:0,(anonymous_1)
FNDA:0,(anonymous_2)
FNDA:0,(anonymous_3)
DA:1,1
DA:3,1
DA:4,1
DA:5,1
DA:6,1
DA:7,1
DA:8,1
DA:9,1
LF:8
LH:8
BRF:0
BRH:0
end_of_record
TN:
SF:src/tanstack-queries/users.ts
FN:21,useGetAllUsers
FN:24,(anonymous_1)
FN:28,useSingleUser
FN:31,(anonymous_3)
FNF:4
FNH:2
FNDA:2,useGetAllUsers
FNDA:1,(anonymous_1)
FNDA:0,useSingleUser
FNDA:0,(anonymous_3)
DA:22,2
DA:24,1
DA:29,0
DA:32,0
DA:33,0
LF:5
LH:2
BRDA:32,0,0,0
BRF:1
BRH:0
end_of_record
TN:
SF:src/utils/fetcher.ts
FN:3,(anonymous_0)
FNF:1
FNH:1
FNDA:1,(anonymous_0)
DA:3,1
DA:4,1
DA:5,1
DA:6,1
DA:11,0
DA:13,0
DA:14,0
DA:16,0
DA:18,0
LF:9
LH:4
BRDA:13,0,0,0
BRDA:13,1,0,0
BRDA:13,1,1,0
BRDA:14,2,0,0
BRDA:14,2,1,0
BRF:5
BRH:0
end_of_record
TN:
SF:src/utils/helperFunc.ts
FN:1,(anonymous_0)
FNF:1
FNH:1
FNDA:4,(anonymous_0)
DA:1,1
DA:2,4
DA:3,4
LF:3
LH:3
BRF:0
BRH:0
end_of_record
TN:
SF:src/utils/types.ts
FN:62,(anonymous_0)
FN:67,(anonymous_1)
FNF:2
FNH:0
FNDA:0,(anonymous_0)
FNDA:0,(anonymous_1)
DA:34,1
DA:40,1
DA:45,1
DA:52,1
DA:58,1
DA:62,0
DA:64,1
DA:67,0
DA:69,1
LF:9
LH:7
BRF:0
BRH:0
end_of_record
TN:
SF:src/utils/sweetalert/index.ts
FN:8,(anonymous_0)
FN:22,(anonymous_1)
FNF:2
FNH:0
FNDA:0,(anonymous_0)
FNDA:0,(anonymous_1)
DA:5,1
DA:8,1
DA:9,0
DA:19,0
DA:22,1
DA:23,0
LF:6
LH:3
BRF:0
BRH:0
end_of_record
